2023-07-17T12:02:05.866+02:00  INFO 13912 --- [main] c.example.kurs.KursJavaRestApplication   : Starting KursJavaRestApplication using Java 17.0.7 with PID 13912 (C:\Users\wojte\Documents\Git\Java\kursJavaSpring\kursKontroleryRest\target\classes started by wojte in C:\Users\wojte\Documents\Git\Java\kursJavaSpring\kursKontroleryRest)
2023-07-17T12:02:05.876+02:00  INFO 13912 --- [main] c.example.kurs.KursJavaRestApplication   : No active profile set, falling back to 1 default profile: "default"
2023-07-17T12:02:07.277+02:00  INFO 13912 --- [main] .s.d.r.c.RepositoryConfigurationDelegate : Bootstrapping Spring Data JPA repositories in DEFAULT mode.
2023-07-17T12:02:07.407+02:00  INFO 13912 --- [main] .s.d.r.c.RepositoryConfigurationDelegate : Finished Spring Data repository scanning in 111 ms. Found 1 JPA repository interfaces.
2023-07-17T12:02:08.881+02:00  INFO 13912 --- [main] o.s.b.w.embedded.tomcat.TomcatWebServer  : Tomcat initialized with port(s): 8080 (http)
2023-07-17T12:02:08.899+02:00  INFO 13912 --- [main] o.apache.catalina.core.StandardService   : Starting service [Tomcat]
2023-07-17T12:02:08.900+02:00  INFO 13912 --- [main] o.apache.catalina.core.StandardEngine    : Starting Servlet engine: [Apache Tomcat/10.1.10]
2023-07-17T12:02:09.111+02:00  INFO 13912 --- [main] o.a.c.c.C.[Tomcat].[localhost].[/]       : Initializing Spring embedded WebApplicationContext
2023-07-17T12:02:09.111+02:00  INFO 13912 --- [main] w.s.c.ServletWebServerApplicationContext : Root WebApplicationContext: initialization completed in 3098 ms
2023-07-17T12:02:09.428+02:00  INFO 13912 --- [main] com.zaxxer.hikari.HikariDataSource       : HikariPool-1 - Starting...
2023-07-17T12:02:09.935+02:00  INFO 13912 --- [main] com.zaxxer.hikari.pool.HikariPool        : HikariPool-1 - Added connection org.postgresql.jdbc.PgConnection@36f7d7b
2023-07-17T12:02:09.938+02:00  INFO 13912 --- [main] com.zaxxer.hikari.HikariDataSource       : HikariPool-1 - Start completed.
2023-07-17T12:02:10.028+02:00  INFO 13912 --- [main] o.hibernate.jpa.internal.util.LogHelper  : HHH000204: Processing PersistenceUnitInfo [name: default]
2023-07-17T12:02:10.248+02:00  INFO 13912 --- [main] org.hibernate.Version                    : HHH000412: Hibernate ORM core version 6.2.5.Final
2023-07-17T12:02:10.252+02:00  INFO 13912 --- [main] org.hibernate.cfg.Environment            : HHH000406: Using bytecode reflection optimizer
2023-07-17T12:02:10.648+02:00  INFO 13912 --- [main] o.h.b.i.BytecodeProviderInitiator        : HHH000021: Bytecode provider name : bytebuddy
2023-07-17T12:02:10.944+02:00  INFO 13912 --- [main] o.s.o.j.p.SpringPersistenceUnitInfo      : No LoadTimeWeaver setup: ignoring JPA class transformer
2023-07-17T12:02:11.699+02:00  INFO 13912 --- [main] o.h.b.i.BytecodeProviderInitiator        : HHH000021: Bytecode provider name : bytebuddy
2023-07-17T12:02:12.774+02:00  INFO 13912 --- [main] o.h.e.t.j.p.i.JtaPlatformInitiator       : HHH000490: Using JtaPlatform implementation: [org.hibernate.engine.transaction.jta.platform.internal.NoJtaPlatform]
2023-07-17T12:02:12.780+02:00  INFO 13912 --- [main] j.LocalContainerEntityManagerFactoryBean : Initialized JPA EntityManagerFactory for persistence unit 'default'
2023-07-17T12:02:13.493+02:00  INFO 13912 --- [main] o.s.d.j.r.query.QueryEnhancerFactory     : Hibernate is in classpath; If applicable, HQL parser will be used.
2023-07-17T12:02:13.643+02:00  WARN 13912 --- [main] JpaBaseConfiguration$JpaWebConfiguration : spring.jpa.open-in-view is enabled by default. Therefore, database queries may be performed during view rendering. Explicitly configure spring.jpa.open-in-view to disable this warning
2023-07-17T12:02:14.390+02:00  INFO 13912 --- [main] o.s.b.w.embedded.tomcat.TomcatWebServer  : Tomcat started on port(s): 8080 (http) with context path ''
2023-07-17T12:02:14.411+02:00  INFO 13912 --- [main] c.example.kurs.KursJavaRestApplication   : Started KursJavaRestApplication in 9.457 seconds (process running for 10.329)
2023-07-17T12:02:26.006+02:00  INFO 13912 --- [http-nio-8080-exec-1] o.a.c.c.C.[Tomcat].[localhost].[/]       : Initializing Spring DispatcherServlet 'dispatcherServlet'
2023-07-17T12:02:26.007+02:00  INFO 13912 --- [http-nio-8080-exec-1] o.s.web.servlet.DispatcherServlet        : Initializing Servlet 'dispatcherServlet'
2023-07-17T12:02:26.012+02:00  INFO 13912 --- [http-nio-8080-exec-1] o.s.web.servlet.DispatcherServlet        : Completed initialization in 5 ms
2023-07-17T12:02:26.082+02:00  INFO 13912 --- [http-nio-8080-exec-1] com.example.kurs.FamilyController        : Tworzenie rodziny
2023-07-17T12:02:26.082+02:00  INFO 13912 --- [http-nio-8080-exec-1] com.example.kurs.FamilyController        : Utworzono rodzine o id: 11
2023-07-17T12:02:26.233+02:00  WARN 13912 --- [http-nio-8080-exec-1] com.example.kurs.FamilyController        : Zapisano rodzine
2023-07-17T12:17:32.751+02:00  INFO 13912 --- [SpringApplicationShutdownHook] j.LocalContainerEntityManagerFactoryBean : Closing JPA EntityManagerFactory for persistence unit 'default'
2023-07-17T12:17:32.759+02:00  INFO 13912 --- [SpringApplicationShutdownHook] com.zaxxer.hikari.HikariDataSource       : HikariPool-1 - Shutdown initiated...
2023-07-17T12:17:32.782+02:00  INFO 13912 --- [SpringApplicationShutdownHook] com.zaxxer.hikari.HikariDataSource       : HikariPool-1 - Shutdown completed.
2023-07-17T12:17:44.487+02:00  INFO 15204 --- [main] c.example.kurs.KursJavaRestApplication   : Starting KursJavaRestApplication using Java 17.0.7 with PID 15204 (C:\Users\wojte\Documents\Git\Java\kursJavaSpring\kursKontroleryRest\target\classes started by wojte in C:\Users\wojte\Documents\Git\Java\kursJavaSpring\kursKontroleryRest)
2023-07-17T12:17:44.495+02:00  INFO 15204 --- [main] c.example.kurs.KursJavaRestApplication   : No active profile set, falling back to 1 default profile: "default"
2023-07-17T12:17:46.198+02:00  INFO 15204 --- [main] .s.d.r.c.RepositoryConfigurationDelegate : Bootstrapping Spring Data JPA repositories in DEFAULT mode.
2023-07-17T12:17:46.335+02:00  INFO 15204 --- [main] .s.d.r.c.RepositoryConfigurationDelegate : Finished Spring Data repository scanning in 114 ms. Found 1 JPA repository interfaces.
2023-07-17T12:17:47.831+02:00  INFO 15204 --- [main] o.s.b.w.embedded.tomcat.TomcatWebServer  : Tomcat initialized with port(s): 8080 (http)
2023-07-17T12:17:47.849+02:00  INFO 15204 --- [main] o.apache.catalina.core.StandardService   : Starting service [Tomcat]
2023-07-17T12:17:47.850+02:00  INFO 15204 --- [main] o.apache.catalina.core.StandardEngine    : Starting Servlet engine: [Apache Tomcat/10.1.10]
2023-07-17T12:17:48.077+02:00  INFO 15204 --- [main] o.a.c.c.C.[Tomcat].[localhost].[/]       : Initializing Spring embedded WebApplicationContext
2023-07-17T12:17:48.079+02:00  INFO 15204 --- [main] w.s.c.ServletWebServerApplicationContext : Root WebApplicationContext: initialization completed in 3452 ms
2023-07-17T12:17:48.508+02:00  INFO 15204 --- [main] com.zaxxer.hikari.HikariDataSource       : HikariPool-1 - Starting...
2023-07-17T12:17:49.013+02:00  INFO 15204 --- [main] com.zaxxer.hikari.pool.HikariPool        : HikariPool-1 - Added connection org.postgresql.jdbc.PgConnection@a9c5b75
2023-07-17T12:17:49.018+02:00  INFO 15204 --- [main] com.zaxxer.hikari.HikariDataSource       : HikariPool-1 - Start completed.
2023-07-17T12:17:49.133+02:00  INFO 15204 --- [main] o.hibernate.jpa.internal.util.LogHelper  : HHH000204: Processing PersistenceUnitInfo [name: default]
2023-07-17T12:17:49.360+02:00  INFO 15204 --- [main] org.hibernate.Version                    : HHH000412: Hibernate ORM core version 6.2.5.Final
2023-07-17T12:17:49.367+02:00  INFO 15204 --- [main] org.hibernate.cfg.Environment            : HHH000406: Using bytecode reflection optimizer
2023-07-17T12:17:49.858+02:00  INFO 15204 --- [main] o.h.b.i.BytecodeProviderInitiator        : HHH000021: Bytecode provider name : bytebuddy
2023-07-17T12:17:50.147+02:00  INFO 15204 --- [main] o.s.o.j.p.SpringPersistenceUnitInfo      : No LoadTimeWeaver setup: ignoring JPA class transformer
2023-07-17T12:17:50.961+02:00  INFO 15204 --- [main] o.h.b.i.BytecodeProviderInitiator        : HHH000021: Bytecode provider name : bytebuddy
2023-07-17T12:17:52.041+02:00  INFO 15204 --- [main] o.h.e.t.j.p.i.JtaPlatformInitiator       : HHH000490: Using JtaPlatform implementation: [org.hibernate.engine.transaction.jta.platform.internal.NoJtaPlatform]
2023-07-17T12:17:52.046+02:00  INFO 15204 --- [main] j.LocalContainerEntityManagerFactoryBean : Initialized JPA EntityManagerFactory for persistence unit 'default'
2023-07-17T12:17:52.758+02:00  INFO 15204 --- [main] o.s.d.j.r.query.QueryEnhancerFactory     : Hibernate is in classpath; If applicable, HQL parser will be used.
2023-07-17T12:17:52.927+02:00  WARN 15204 --- [main] JpaBaseConfiguration$JpaWebConfiguration : spring.jpa.open-in-view is enabled by default. Therefore, database queries may be performed during view rendering. Explicitly configure spring.jpa.open-in-view to disable this warning
2023-07-17T12:17:54.094+02:00  INFO 15204 --- [main] o.s.b.w.embedded.tomcat.TomcatWebServer  : Tomcat started on port(s): 8080 (http) with context path ''
2023-07-17T12:17:54.120+02:00  INFO 15204 --- [main] c.example.kurs.KursJavaRestApplication   : Started KursJavaRestApplication in 10.475 seconds (process running for 11.305)
2023-07-17T12:18:07.658+02:00  INFO 15204 --- [http-nio-8080-exec-1] o.a.c.c.C.[Tomcat].[localhost].[/]       : Initializing Spring DispatcherServlet 'dispatcherServlet'
2023-07-17T12:18:07.659+02:00  INFO 15204 --- [http-nio-8080-exec-1] o.s.web.servlet.DispatcherServlet        : Initializing Servlet 'dispatcherServlet'
2023-07-17T12:18:07.661+02:00  INFO 15204 --- [http-nio-8080-exec-1] o.s.web.servlet.DispatcherServlet        : Completed initialization in 2 ms
2023-07-17T12:18:22.285+02:00 ERROR 15204 --- [http-nio-8080-exec-3] o.a.c.c.C.[.[.[/].[dispatcherServlet]    : Servlet.service() for servlet [dispatcherServlet] in context with path [] threw exception [Request processing failed: org.springframework.web.client.HttpClientErrorException$BadRequest: 400 Bad Request: "{"error": "Missing API Key."}"] with root cause

org.springframework.web.client.HttpClientErrorException$BadRequest: 400 Bad Request: "{"error": "Missing API Key."}"
	at org.springframework.web.client.HttpClientErrorException.create(HttpClientErrorException.java:103) ~[spring-web-6.0.10.jar:6.0.10]
	at org.springframework.web.client.DefaultResponseErrorHandler.handleError(DefaultResponseErrorHandler.java:183) ~[spring-web-6.0.10.jar:6.0.10]
	at org.springframework.web.client.DefaultResponseErrorHandler.handleError(DefaultResponseErrorHandler.java:137) ~[spring-web-6.0.10.jar:6.0.10]
	at org.springframework.web.client.ResponseErrorHandler.handleError(ResponseErrorHandler.java:63) ~[spring-web-6.0.10.jar:6.0.10]
	at org.springframework.web.client.RestTemplate.handleResponse(RestTemplate.java:915) ~[spring-web-6.0.10.jar:6.0.10]
	at org.springframework.web.client.RestTemplate.doExecute(RestTemplate.java:864) ~[spring-web-6.0.10.jar:6.0.10]
	at org.springframework.web.client.RestTemplate.execute(RestTemplate.java:804) ~[spring-web-6.0.10.jar:6.0.10]
	at org.springframework.web.client.RestTemplate.getForEntity(RestTemplate.java:421) ~[spring-web-6.0.10.jar:6.0.10]
	at com.example.kurs.RestTemplateApi.getQuotes(RestTemplateApi.java:22) ~[classes/:na]
	at com.example.kurs.FamilyController.getQuoteDB(FamilyController.java:83) ~[classes/:na]
	at java.base/jdk.internal.reflect.NativeMethodAccessorImpl.invoke0(Native Method) ~[na:na]
	at java.base/jdk.internal.reflect.NativeMethodAccessorImpl.invoke(NativeMethodAccessorImpl.java:77) ~[na:na]
	at java.base/jdk.internal.reflect.DelegatingMethodAccessorImpl.invoke(DelegatingMethodAccessorImpl.java:43) ~[na:na]
	at java.base/java.lang.reflect.Method.invoke(Method.java:568) ~[na:na]
	at org.springframework.aop.support.AopUtils.invokeJoinpointUsingReflection(AopUtils.java:343) ~[spring-aop-6.0.10.jar:6.0.10]
	at org.springframework.aop.framework.CglibAopProxy$DynamicAdvisedInterceptor.intercept(CglibAopProxy.java:704) ~[spring-aop-6.0.10.jar:6.0.10]
	at com.example.kurs.FamilyController$$SpringCGLIB$$0.getQuoteDB(<generated>) ~[classes/:na]
	at java.base/jdk.internal.reflect.NativeMethodAccessorImpl.invoke0(Native Method) ~[na:na]
	at java.base/jdk.internal.reflect.NativeMethodAccessorImpl.invoke(NativeMethodAccessorImpl.java:77) ~[na:na]
	at java.base/jdk.internal.reflect.DelegatingMethodAccessorImpl.invoke(DelegatingMethodAccessorImpl.java:43) ~[na:na]
	at java.base/java.lang.reflect.Method.invoke(Method.java:568) ~[na:na]
	at org.springframework.web.method.support.InvocableHandlerMethod.doInvoke(InvocableHandlerMethod.java:207) ~[spring-web-6.0.10.jar:6.0.10]
	at org.springframework.web.method.support.InvocableHandlerMethod.invokeForRequest(InvocableHandlerMethod.java:152) ~[spring-web-6.0.10.jar:6.0.10]
	at org.springframework.web.servlet.mvc.method.annotation.ServletInvocableHandlerMethod.invokeAndHandle(ServletInvocableHandlerMethod.java:118) ~[spring-webmvc-6.0.10.jar:6.0.10]
	at org.springframework.web.servlet.mvc.method.annotation.RequestMappingHandlerAdapter.invokeHandlerMethod(RequestMappingHandlerAdapter.java:884) ~[spring-webmvc-6.0.10.jar:6.0.10]
	at org.springframework.web.servlet.mvc.method.annotation.RequestMappingHandlerAdapter.handleInternal(RequestMappingHandlerAdapter.java:797) ~[spring-webmvc-6.0.10.jar:6.0.10]
	at org.springframework.web.servlet.mvc.method.AbstractHandlerMethodAdapter.handle(AbstractHandlerMethodAdapter.java:87) ~[spring-webmvc-6.0.10.jar:6.0.10]
	at org.springframework.web.servlet.DispatcherServlet.doDispatch(DispatcherServlet.java:1081) ~[spring-webmvc-6.0.10.jar:6.0.10]
	at org.springframework.web.servlet.DispatcherServlet.doService(DispatcherServlet.java:974) ~[spring-webmvc-6.0.10.jar:6.0.10]
	at org.springframework.web.servlet.FrameworkServlet.processRequest(FrameworkServlet.java:1011) ~[spring-webmvc-6.0.10.jar:6.0.10]
	at org.springframework.web.servlet.FrameworkServlet.doGet(FrameworkServlet.java:903) ~[spring-webmvc-6.0.10.jar:6.0.10]
	at jakarta.servlet.http.HttpServlet.service(HttpServlet.java:564) ~[tomcat-embed-core-10.1.10.jar:6.0]
	at org.springframework.web.servlet.FrameworkServlet.service(FrameworkServlet.java:885) ~[spring-webmvc-6.0.10.jar:6.0.10]
	at jakarta.servlet.http.HttpServlet.service(HttpServlet.java:658) ~[tomcat-embed-core-10.1.10.jar:6.0]
	at org.apache.catalina.core.ApplicationFilterChain.internalDoFilter(ApplicationFilterChain.java:205) ~[tomcat-embed-core-10.1.10.jar:10.1.10]
	at org.apache.catalina.core.ApplicationFilterChain.doFilter(ApplicationFilterChain.java:149) ~[tomcat-embed-core-10.1.10.jar:10.1.10]
	at org.apache.tomcat.websocket.server.WsFilter.doFilter(WsFilter.java:51) ~[tomcat-embed-websocket-10.1.10.jar:10.1.10]
	at org.apache.catalina.core.ApplicationFilterChain.internalDoFilter(ApplicationFilterChain.java:174) ~[tomcat-embed-core-10.1.10.jar:10.1.10]
	at org.apache.catalina.core.ApplicationFilterChain.doFilter(ApplicationFilterChain.java:149) ~[tomcat-embed-core-10.1.10.jar:10.1.10]
	at org.springframework.web.filter.RequestContextFilter.doFilterInternal(RequestContextFilter.java:100) ~[spring-web-6.0.10.jar:6.0.10]
	at org.springframework.web.filter.OncePerRequestFilter.doFilter(OncePerRequestFilter.java:116) ~[spring-web-6.0.10.jar:6.0.10]
	at org.apache.catalina.core.ApplicationFilterChain.internalDoFilter(ApplicationFilterChain.java:174) ~[tomcat-embed-core-10.1.10.jar:10.1.10]
	at org.apache.catalina.core.ApplicationFilterChain.doFilter(ApplicationFilterChain.java:149) ~[tomcat-embed-core-10.1.10.jar:10.1.10]
	at org.springframework.web.filter.FormContentFilter.doFilterInternal(FormContentFilter.java:93) ~[spring-web-6.0.10.jar:6.0.10]
	at org.springframework.web.filter.OncePerRequestFilter.doFilter(OncePerRequestFilter.java:116) ~[spring-web-6.0.10.jar:6.0.10]
	at org.apache.catalina.core.ApplicationFilterChain.internalDoFilter(ApplicationFilterChain.java:174) ~[tomcat-embed-core-10.1.10.jar:10.1.10]
	at org.apache.catalina.core.ApplicationFilterChain.doFilter(ApplicationFilterChain.java:149) ~[tomcat-embed-core-10.1.10.jar:10.1.10]
	at org.springframework.web.filter.CharacterEncodingFilter.doFilterInternal(CharacterEncodingFilter.java:201) ~[spring-web-6.0.10.jar:6.0.10]
	at org.springframework.web.filter.OncePerRequestFilter.doFilter(OncePerRequestFilter.java:116) ~[spring-web-6.0.10.jar:6.0.10]
	at org.apache.catalina.core.ApplicationFilterChain.internalDoFilter(ApplicationFilterChain.java:174) ~[tomcat-embed-core-10.1.10.jar:10.1.10]
	at org.apache.catalina.core.ApplicationFilterChain.doFilter(ApplicationFilterChain.java:149) ~[tomcat-embed-core-10.1.10.jar:10.1.10]
	at org.apache.catalina.core.StandardWrapperValve.invoke(StandardWrapperValve.java:166) ~[tomcat-embed-core-10.1.10.jar:10.1.10]
	at org.apache.catalina.core.StandardContextValve.invoke(StandardContextValve.java:90) ~[tomcat-embed-core-10.1.10.jar:10.1.10]
	at org.apache.catalina.authenticator.AuthenticatorBase.invoke(AuthenticatorBase.java:482) ~[tomcat-embed-core-10.1.10.jar:10.1.10]
	at org.apache.catalina.core.StandardHostValve.invoke(StandardHostValve.java:115) ~[tomcat-embed-core-10.1.10.jar:10.1.10]
	at org.apache.catalina.valves.ErrorReportValve.invoke(ErrorReportValve.java:93) ~[tomcat-embed-core-10.1.10.jar:10.1.10]
	at org.apache.catalina.core.StandardEngineValve.invoke(StandardEngineValve.java:74) ~[tomcat-embed-core-10.1.10.jar:10.1.10]
	at org.apache.catalina.connector.CoyoteAdapter.service(CoyoteAdapter.java:341) ~[tomcat-embed-core-10.1.10.jar:10.1.10]
	at org.apache.coyote.http11.Http11Processor.service(Http11Processor.java:391) ~[tomcat-embed-core-10.1.10.jar:10.1.10]
	at org.apache.coyote.AbstractProcessorLight.process(AbstractProcessorLight.java:63) ~[tomcat-embed-core-10.1.10.jar:10.1.10]
	at org.apache.coyote.AbstractProtocol$ConnectionHandler.process(AbstractProtocol.java:894) ~[tomcat-embed-core-10.1.10.jar:10.1.10]
	at org.apache.tomcat.util.net.NioEndpoint$SocketProcessor.doRun(NioEndpoint.java:1741) ~[tomcat-embed-core-10.1.10.jar:10.1.10]
	at org.apache.tomcat.util.net.SocketProcessorBase.run(SocketProcessorBase.java:52) ~[tomcat-embed-core-10.1.10.jar:10.1.10]
	at org.apache.tomcat.util.threads.ThreadPoolExecutor.runWorker(ThreadPoolExecutor.java:1191) ~[tomcat-embed-core-10.1.10.jar:10.1.10]
	at org.apache.tomcat.util.threads.ThreadPoolExecutor$Worker.run(ThreadPoolExecutor.java:659) ~[tomcat-embed-core-10.1.10.jar:10.1.10]
	at org.apache.tomcat.util.threads.TaskThread$WrappingRunnable.run(TaskThread.java:61) ~[tomcat-embed-core-10.1.10.jar:10.1.10]
	at java.base/java.lang.Thread.run(Thread.java:833) ~[na:na]

2023-07-17T12:18:38.920+02:00 ERROR 15204 --- [http-nio-8080-exec-4] o.a.c.c.C.[.[.[/].[dispatcherServlet]    : Servlet.service() for servlet [dispatcherServlet] in context with path [] threw exception [Request processing failed: org.springframework.web.client.HttpClientErrorException$BadRequest: 400 Bad Request: "{"error": "Missing API Key."}"] with root cause

org.springframework.web.client.HttpClientErrorException$BadRequest: 400 Bad Request: "{"error": "Missing API Key."}"
	at org.springframework.web.client.HttpClientErrorException.create(HttpClientErrorException.java:103) ~[spring-web-6.0.10.jar:6.0.10]
	at org.springframework.web.client.DefaultResponseErrorHandler.handleError(DefaultResponseErrorHandler.java:183) ~[spring-web-6.0.10.jar:6.0.10]
	at org.springframework.web.client.DefaultResponseErrorHandler.handleError(DefaultResponseErrorHandler.java:137) ~[spring-web-6.0.10.jar:6.0.10]
	at org.springframework.web.client.ResponseErrorHandler.handleError(ResponseErrorHandler.java:63) ~[spring-web-6.0.10.jar:6.0.10]
	at org.springframework.web.client.RestTemplate.handleResponse(RestTemplate.java:915) ~[spring-web-6.0.10.jar:6.0.10]
	at org.springframework.web.client.RestTemplate.doExecute(RestTemplate.java:864) ~[spring-web-6.0.10.jar:6.0.10]
	at org.springframework.web.client.RestTemplate.execute(RestTemplate.java:804) ~[spring-web-6.0.10.jar:6.0.10]
	at org.springframework.web.client.RestTemplate.getForEntity(RestTemplate.java:421) ~[spring-web-6.0.10.jar:6.0.10]
	at com.example.kurs.RestTemplateApi.getQuotes(RestTemplateApi.java:22) ~[classes/:na]
	at com.example.kurs.FamilyController.getQuoteDB(FamilyController.java:83) ~[classes/:na]
	at java.base/jdk.internal.reflect.NativeMethodAccessorImpl.invoke0(Native Method) ~[na:na]
	at java.base/jdk.internal.reflect.NativeMethodAccessorImpl.invoke(NativeMethodAccessorImpl.java:77) ~[na:na]
	at java.base/jdk.internal.reflect.DelegatingMethodAccessorImpl.invoke(DelegatingMethodAccessorImpl.java:43) ~[na:na]
	at java.base/java.lang.reflect.Method.invoke(Method.java:568) ~[na:na]
	at org.springframework.aop.support.AopUtils.invokeJoinpointUsingReflection(AopUtils.java:343) ~[spring-aop-6.0.10.jar:6.0.10]
	at org.springframework.aop.framework.CglibAopProxy$DynamicAdvisedInterceptor.intercept(CglibAopProxy.java:704) ~[spring-aop-6.0.10.jar:6.0.10]
	at com.example.kurs.FamilyController$$SpringCGLIB$$0.getQuoteDB(<generated>) ~[classes/:na]
	at java.base/jdk.internal.reflect.NativeMethodAccessorImpl.invoke0(Native Method) ~[na:na]
	at java.base/jdk.internal.reflect.NativeMethodAccessorImpl.invoke(NativeMethodAccessorImpl.java:77) ~[na:na]
	at java.base/jdk.internal.reflect.DelegatingMethodAccessorImpl.invoke(DelegatingMethodAccessorImpl.java:43) ~[na:na]
	at java.base/java.lang.reflect.Method.invoke(Method.java:568) ~[na:na]
	at org.springframework.web.method.support.InvocableHandlerMethod.doInvoke(InvocableHandlerMethod.java:207) ~[spring-web-6.0.10.jar:6.0.10]
	at org.springframework.web.method.support.InvocableHandlerMethod.invokeForRequest(InvocableHandlerMethod.java:152) ~[spring-web-6.0.10.jar:6.0.10]
	at org.springframework.web.servlet.mvc.method.annotation.ServletInvocableHandlerMethod.invokeAndHandle(ServletInvocableHandlerMethod.java:118) ~[spring-webmvc-6.0.10.jar:6.0.10]
	at org.springframework.web.servlet.mvc.method.annotation.RequestMappingHandlerAdapter.invokeHandlerMethod(RequestMappingHandlerAdapter.java:884) ~[spring-webmvc-6.0.10.jar:6.0.10]
	at org.springframework.web.servlet.mvc.method.annotation.RequestMappingHandlerAdapter.handleInternal(RequestMappingHandlerAdapter.java:797) ~[spring-webmvc-6.0.10.jar:6.0.10]
	at org.springframework.web.servlet.mvc.method.AbstractHandlerMethodAdapter.handle(AbstractHandlerMethodAdapter.java:87) ~[spring-webmvc-6.0.10.jar:6.0.10]
	at org.springframework.web.servlet.DispatcherServlet.doDispatch(DispatcherServlet.java:1081) ~[spring-webmvc-6.0.10.jar:6.0.10]
	at org.springframework.web.servlet.DispatcherServlet.doService(DispatcherServlet.java:974) ~[spring-webmvc-6.0.10.jar:6.0.10]
	at org.springframework.web.servlet.FrameworkServlet.processRequest(FrameworkServlet.java:1011) ~[spring-webmvc-6.0.10.jar:6.0.10]
	at org.springframework.web.servlet.FrameworkServlet.doGet(FrameworkServlet.java:903) ~[spring-webmvc-6.0.10.jar:6.0.10]
	at jakarta.servlet.http.HttpServlet.service(HttpServlet.java:564) ~[tomcat-embed-core-10.1.10.jar:6.0]
	at org.springframework.web.servlet.FrameworkServlet.service(FrameworkServlet.java:885) ~[spring-webmvc-6.0.10.jar:6.0.10]
	at jakarta.servlet.http.HttpServlet.service(HttpServlet.java:658) ~[tomcat-embed-core-10.1.10.jar:6.0]
	at org.apache.catalina.core.ApplicationFilterChain.internalDoFilter(ApplicationFilterChain.java:205) ~[tomcat-embed-core-10.1.10.jar:10.1.10]
	at org.apache.catalina.core.ApplicationFilterChain.doFilter(ApplicationFilterChain.java:149) ~[tomcat-embed-core-10.1.10.jar:10.1.10]
	at org.apache.tomcat.websocket.server.WsFilter.doFilter(WsFilter.java:51) ~[tomcat-embed-websocket-10.1.10.jar:10.1.10]
	at org.apache.catalina.core.ApplicationFilterChain.internalDoFilter(ApplicationFilterChain.java:174) ~[tomcat-embed-core-10.1.10.jar:10.1.10]
	at org.apache.catalina.core.ApplicationFilterChain.doFilter(ApplicationFilterChain.java:149) ~[tomcat-embed-core-10.1.10.jar:10.1.10]
	at org.springframework.web.filter.RequestContextFilter.doFilterInternal(RequestContextFilter.java:100) ~[spring-web-6.0.10.jar:6.0.10]
	at org.springframework.web.filter.OncePerRequestFilter.doFilter(OncePerRequestFilter.java:116) ~[spring-web-6.0.10.jar:6.0.10]
	at org.apache.catalina.core.ApplicationFilterChain.internalDoFilter(ApplicationFilterChain.java:174) ~[tomcat-embed-core-10.1.10.jar:10.1.10]
	at org.apache.catalina.core.ApplicationFilterChain.doFilter(ApplicationFilterChain.java:149) ~[tomcat-embed-core-10.1.10.jar:10.1.10]
	at org.springframework.web.filter.FormContentFilter.doFilterInternal(FormContentFilter.java:93) ~[spring-web-6.0.10.jar:6.0.10]
	at org.springframework.web.filter.OncePerRequestFilter.doFilter(OncePerRequestFilter.java:116) ~[spring-web-6.0.10.jar:6.0.10]
	at org.apache.catalina.core.ApplicationFilterChain.internalDoFilter(ApplicationFilterChain.java:174) ~[tomcat-embed-core-10.1.10.jar:10.1.10]
	at org.apache.catalina.core.ApplicationFilterChain.doFilter(ApplicationFilterChain.java:149) ~[tomcat-embed-core-10.1.10.jar:10.1.10]
	at org.springframework.web.filter.CharacterEncodingFilter.doFilterInternal(CharacterEncodingFilter.java:201) ~[spring-web-6.0.10.jar:6.0.10]
	at org.springframework.web.filter.OncePerRequestFilter.doFilter(OncePerRequestFilter.java:116) ~[spring-web-6.0.10.jar:6.0.10]
	at org.apache.catalina.core.ApplicationFilterChain.internalDoFilter(ApplicationFilterChain.java:174) ~[tomcat-embed-core-10.1.10.jar:10.1.10]
	at org.apache.catalina.core.ApplicationFilterChain.doFilter(ApplicationFilterChain.java:149) ~[tomcat-embed-core-10.1.10.jar:10.1.10]
	at org.apache.catalina.core.StandardWrapperValve.invoke(StandardWrapperValve.java:166) ~[tomcat-embed-core-10.1.10.jar:10.1.10]
	at org.apache.catalina.core.StandardContextValve.invoke(StandardContextValve.java:90) ~[tomcat-embed-core-10.1.10.jar:10.1.10]
	at org.apache.catalina.authenticator.AuthenticatorBase.invoke(AuthenticatorBase.java:482) ~[tomcat-embed-core-10.1.10.jar:10.1.10]
	at org.apache.catalina.core.StandardHostValve.invoke(StandardHostValve.java:115) ~[tomcat-embed-core-10.1.10.jar:10.1.10]
	at org.apache.catalina.valves.ErrorReportValve.invoke(ErrorReportValve.java:93) ~[tomcat-embed-core-10.1.10.jar:10.1.10]
	at org.apache.catalina.core.StandardEngineValve.invoke(StandardEngineValve.java:74) ~[tomcat-embed-core-10.1.10.jar:10.1.10]
	at org.apache.catalina.connector.CoyoteAdapter.service(CoyoteAdapter.java:341) ~[tomcat-embed-core-10.1.10.jar:10.1.10]
	at org.apache.coyote.http11.Http11Processor.service(Http11Processor.java:391) ~[tomcat-embed-core-10.1.10.jar:10.1.10]
	at org.apache.coyote.AbstractProcessorLight.process(AbstractProcessorLight.java:63) ~[tomcat-embed-core-10.1.10.jar:10.1.10]
	at org.apache.coyote.AbstractProtocol$ConnectionHandler.process(AbstractProtocol.java:894) ~[tomcat-embed-core-10.1.10.jar:10.1.10]
	at org.apache.tomcat.util.net.NioEndpoint$SocketProcessor.doRun(NioEndpoint.java:1741) ~[tomcat-embed-core-10.1.10.jar:10.1.10]
	at org.apache.tomcat.util.net.SocketProcessorBase.run(SocketProcessorBase.java:52) ~[tomcat-embed-core-10.1.10.jar:10.1.10]
	at org.apache.tomcat.util.threads.ThreadPoolExecutor.runWorker(ThreadPoolExecutor.java:1191) ~[tomcat-embed-core-10.1.10.jar:10.1.10]
	at org.apache.tomcat.util.threads.ThreadPoolExecutor$Worker.run(ThreadPoolExecutor.java:659) ~[tomcat-embed-core-10.1.10.jar:10.1.10]
	at org.apache.tomcat.util.threads.TaskThread$WrappingRunnable.run(TaskThread.java:61) ~[tomcat-embed-core-10.1.10.jar:10.1.10]
	at java.base/java.lang.Thread.run(Thread.java:833) ~[na:na]

2023-07-17T12:20:52.581+02:00  INFO 15204 --- [SpringApplicationShutdownHook] j.LocalContainerEntityManagerFactoryBean : Closing JPA EntityManagerFactory for persistence unit 'default'
2023-07-17T12:20:52.588+02:00  INFO 15204 --- [SpringApplicationShutdownHook] com.zaxxer.hikari.HikariDataSource       : HikariPool-1 - Shutdown initiated...
2023-07-17T12:20:52.609+02:00  INFO 15204 --- [SpringApplicationShutdownHook] com.zaxxer.hikari.HikariDataSource       : HikariPool-1 - Shutdown completed.
2023-07-17T12:24:35.776+02:00  INFO 5080 --- [main] c.example.kurs.KursJavaRestApplication   : Starting KursJavaRestApplication using Java 17.0.7 with PID 5080 (C:\Users\wojte\Documents\Git\Java\kursJavaSpring\kursKontroleryRest\target\classes started by wojte in C:\Users\wojte\Documents\Git\Java\kursJavaSpring\kursKontroleryRest)
2023-07-17T12:24:35.781+02:00  INFO 5080 --- [main] c.example.kurs.KursJavaRestApplication   : No active profile set, falling back to 1 default profile: "default"
2023-07-17T12:24:37.446+02:00  INFO 5080 --- [main] .s.d.r.c.RepositoryConfigurationDelegate : Bootstrapping Spring Data JPA repositories in DEFAULT mode.
2023-07-17T12:24:37.577+02:00  INFO 5080 --- [main] .s.d.r.c.RepositoryConfigurationDelegate : Finished Spring Data repository scanning in 105 ms. Found 1 JPA repository interfaces.
2023-07-17T12:24:39.047+02:00  INFO 5080 --- [main] o.s.b.w.embedded.tomcat.TomcatWebServer  : Tomcat initialized with port(s): 8080 (http)
2023-07-17T12:24:39.066+02:00  INFO 5080 --- [main] o.apache.catalina.core.StandardService   : Starting service [Tomcat]
2023-07-17T12:24:39.066+02:00  INFO 5080 --- [main] o.apache.catalina.core.StandardEngine    : Starting Servlet engine: [Apache Tomcat/10.1.10]
2023-07-17T12:24:39.315+02:00  INFO 5080 --- [main] o.a.c.c.C.[Tomcat].[localhost].[/]       : Initializing Spring embedded WebApplicationContext
2023-07-17T12:24:39.316+02:00  INFO 5080 --- [main] w.s.c.ServletWebServerApplicationContext : Root WebApplicationContext: initialization completed in 3360 ms
2023-07-17T12:24:39.795+02:00  INFO 5080 --- [main] com.zaxxer.hikari.HikariDataSource       : HikariPool-1 - Starting...
2023-07-17T12:24:40.227+02:00  INFO 5080 --- [main] com.zaxxer.hikari.pool.HikariPool        : HikariPool-1 - Added connection org.postgresql.jdbc.PgConnection@26837057
2023-07-17T12:24:40.230+02:00  INFO 5080 --- [main] com.zaxxer.hikari.HikariDataSource       : HikariPool-1 - Start completed.
2023-07-17T12:24:40.397+02:00  INFO 5080 --- [main] o.hibernate.jpa.internal.util.LogHelper  : HHH000204: Processing PersistenceUnitInfo [name: default]
2023-07-17T12:24:40.594+02:00  INFO 5080 --- [main] org.hibernate.Version                    : HHH000412: Hibernate ORM core version 6.2.5.Final
2023-07-17T12:24:40.597+02:00  INFO 5080 --- [main] org.hibernate.cfg.Environment            : HHH000406: Using bytecode reflection optimizer
2023-07-17T12:24:41.061+02:00  INFO 5080 --- [main] o.h.b.i.BytecodeProviderInitiator        : HHH000021: Bytecode provider name : bytebuddy
2023-07-17T12:24:41.426+02:00  INFO 5080 --- [main] o.s.o.j.p.SpringPersistenceUnitInfo      : No LoadTimeWeaver setup: ignoring JPA class transformer
2023-07-17T12:24:42.071+02:00  INFO 5080 --- [main] o.h.b.i.BytecodeProviderInitiator        : HHH000021: Bytecode provider name : bytebuddy
2023-07-17T12:24:43.235+02:00  INFO 5080 --- [main] o.h.e.t.j.p.i.JtaPlatformInitiator       : HHH000490: Using JtaPlatform implementation: [org.hibernate.engine.transaction.jta.platform.internal.NoJtaPlatform]
2023-07-17T12:24:43.240+02:00  INFO 5080 --- [main] j.LocalContainerEntityManagerFactoryBean : Initialized JPA EntityManagerFactory for persistence unit 'default'
2023-07-17T12:24:43.948+02:00  INFO 5080 --- [main] o.s.d.j.r.query.QueryEnhancerFactory     : Hibernate is in classpath; If applicable, HQL parser will be used.
2023-07-17T12:24:44.154+02:00  WARN 5080 --- [main] JpaBaseConfiguration$JpaWebConfiguration : spring.jpa.open-in-view is enabled by default. Therefore, database queries may be performed during view rendering. Explicitly configure spring.jpa.open-in-view to disable this warning
2023-07-17T12:24:44.877+02:00  INFO 5080 --- [main] o.s.b.w.embedded.tomcat.TomcatWebServer  : Tomcat started on port(s): 8080 (http) with context path ''
2023-07-17T12:24:44.899+02:00  INFO 5080 --- [main] c.example.kurs.KursJavaRestApplication   : Started KursJavaRestApplication in 10.01 seconds (process running for 10.691)
2023-07-17T12:25:18.182+02:00  INFO 5080 --- [http-nio-8080-exec-2] o.a.c.c.C.[Tomcat].[localhost].[/]       : Initializing Spring DispatcherServlet 'dispatcherServlet'
2023-07-17T12:25:18.183+02:00  INFO 5080 --- [http-nio-8080-exec-2] o.s.web.servlet.DispatcherServlet        : Initializing Servlet 'dispatcherServlet'
2023-07-17T12:25:18.186+02:00  INFO 5080 --- [http-nio-8080-exec-2] o.s.web.servlet.DispatcherServlet        : Completed initialization in 2 ms
2023-07-17T12:25:19.247+02:00 ERROR 5080 --- [http-nio-8080-exec-2] o.a.c.c.C.[.[.[/].[dispatcherServlet]    : Servlet.service() for servlet [dispatcherServlet] in context with path [] threw exception [Request processing failed: org.springframework.web.client.HttpClientErrorException$BadRequest: 400 Bad Request: "{"error": "Invalid API Key."}"] with root cause

org.springframework.web.client.HttpClientErrorException$BadRequest: 400 Bad Request: "{"error": "Invalid API Key."}"
	at org.springframework.web.client.HttpClientErrorException.create(HttpClientErrorException.java:103) ~[spring-web-6.0.10.jar:6.0.10]
	at org.springframework.web.client.DefaultResponseErrorHandler.handleError(DefaultResponseErrorHandler.java:183) ~[spring-web-6.0.10.jar:6.0.10]
	at org.springframework.web.client.DefaultResponseErrorHandler.handleError(DefaultResponseErrorHandler.java:137) ~[spring-web-6.0.10.jar:6.0.10]
	at org.springframework.web.client.ResponseErrorHandler.handleError(ResponseErrorHandler.java:63) ~[spring-web-6.0.10.jar:6.0.10]
	at org.springframework.web.client.RestTemplate.handleResponse(RestTemplate.java:915) ~[spring-web-6.0.10.jar:6.0.10]
	at org.springframework.web.client.RestTemplate.doExecute(RestTemplate.java:864) ~[spring-web-6.0.10.jar:6.0.10]
	at org.springframework.web.client.RestTemplate.execute(RestTemplate.java:804) ~[spring-web-6.0.10.jar:6.0.10]
	at org.springframework.web.client.RestTemplate.exchange(RestTemplate.java:665) ~[spring-web-6.0.10.jar:6.0.10]
	at com.example.kurs.RestTemplateApi.getQuotes(RestTemplateApi.java:28) ~[classes/:na]
	at com.example.kurs.FamilyController.getQuoteDB(FamilyController.java:83) ~[classes/:na]
	at java.base/jdk.internal.reflect.NativeMethodAccessorImpl.invoke0(Native Method) ~[na:na]
	at java.base/jdk.internal.reflect.NativeMethodAccessorImpl.invoke(NativeMethodAccessorImpl.java:77) ~[na:na]
	at java.base/jdk.internal.reflect.DelegatingMethodAccessorImpl.invoke(DelegatingMethodAccessorImpl.java:43) ~[na:na]
	at java.base/java.lang.reflect.Method.invoke(Method.java:568) ~[na:na]
	at org.springframework.aop.support.AopUtils.invokeJoinpointUsingReflection(AopUtils.java:343) ~[spring-aop-6.0.10.jar:6.0.10]
	at org.springframework.aop.framework.CglibAopProxy$DynamicAdvisedInterceptor.intercept(CglibAopProxy.java:704) ~[spring-aop-6.0.10.jar:6.0.10]
	at com.example.kurs.FamilyController$$SpringCGLIB$$0.getQuoteDB(<generated>) ~[classes/:na]
	at java.base/jdk.internal.reflect.NativeMethodAccessorImpl.invoke0(Native Method) ~[na:na]
	at java.base/jdk.internal.reflect.NativeMethodAccessorImpl.invoke(NativeMethodAccessorImpl.java:77) ~[na:na]
	at java.base/jdk.internal.reflect.DelegatingMethodAccessorImpl.invoke(DelegatingMethodAccessorImpl.java:43) ~[na:na]
	at java.base/java.lang.reflect.Method.invoke(Method.java:568) ~[na:na]
	at org.springframework.web.method.support.InvocableHandlerMethod.doInvoke(InvocableHandlerMethod.java:207) ~[spring-web-6.0.10.jar:6.0.10]
	at org.springframework.web.method.support.InvocableHandlerMethod.invokeForRequest(InvocableHandlerMethod.java:152) ~[spring-web-6.0.10.jar:6.0.10]
	at org.springframework.web.servlet.mvc.method.annotation.ServletInvocableHandlerMethod.invokeAndHandle(ServletInvocableHandlerMethod.java:118) ~[spring-webmvc-6.0.10.jar:6.0.10]
	at org.springframework.web.servlet.mvc.method.annotation.RequestMappingHandlerAdapter.invokeHandlerMethod(RequestMappingHandlerAdapter.java:884) ~[spring-webmvc-6.0.10.jar:6.0.10]
	at org.springframework.web.servlet.mvc.method.annotation.RequestMappingHandlerAdapter.handleInternal(RequestMappingHandlerAdapter.java:797) ~[spring-webmvc-6.0.10.jar:6.0.10]
	at org.springframework.web.servlet.mvc.method.AbstractHandlerMethodAdapter.handle(AbstractHandlerMethodAdapter.java:87) ~[spring-webmvc-6.0.10.jar:6.0.10]
	at org.springframework.web.servlet.DispatcherServlet.doDispatch(DispatcherServlet.java:1081) ~[spring-webmvc-6.0.10.jar:6.0.10]
	at org.springframework.web.servlet.DispatcherServlet.doService(DispatcherServlet.java:974) ~[spring-webmvc-6.0.10.jar:6.0.10]
	at org.springframework.web.servlet.FrameworkServlet.processRequest(FrameworkServlet.java:1011) ~[spring-webmvc-6.0.10.jar:6.0.10]
	at org.springframework.web.servlet.FrameworkServlet.doGet(FrameworkServlet.java:903) ~[spring-webmvc-6.0.10.jar:6.0.10]
	at jakarta.servlet.http.HttpServlet.service(HttpServlet.java:564) ~[tomcat-embed-core-10.1.10.jar:6.0]
	at org.springframework.web.servlet.FrameworkServlet.service(FrameworkServlet.java:885) ~[spring-webmvc-6.0.10.jar:6.0.10]
	at jakarta.servlet.http.HttpServlet.service(HttpServlet.java:658) ~[tomcat-embed-core-10.1.10.jar:6.0]
	at org.apache.catalina.core.ApplicationFilterChain.internalDoFilter(ApplicationFilterChain.java:205) ~[tomcat-embed-core-10.1.10.jar:10.1.10]
	at org.apache.catalina.core.ApplicationFilterChain.doFilter(ApplicationFilterChain.java:149) ~[tomcat-embed-core-10.1.10.jar:10.1.10]
	at org.apache.tomcat.websocket.server.WsFilter.doFilter(WsFilter.java:51) ~[tomcat-embed-websocket-10.1.10.jar:10.1.10]
	at org.apache.catalina.core.ApplicationFilterChain.internalDoFilter(ApplicationFilterChain.java:174) ~[tomcat-embed-core-10.1.10.jar:10.1.10]
	at org.apache.catalina.core.ApplicationFilterChain.doFilter(ApplicationFilterChain.java:149) ~[tomcat-embed-core-10.1.10.jar:10.1.10]
	at org.springframework.web.filter.RequestContextFilter.doFilterInternal(RequestContextFilter.java:100) ~[spring-web-6.0.10.jar:6.0.10]
	at org.springframework.web.filter.OncePerRequestFilter.doFilter(OncePerRequestFilter.java:116) ~[spring-web-6.0.10.jar:6.0.10]
	at org.apache.catalina.core.ApplicationFilterChain.internalDoFilter(ApplicationFilterChain.java:174) ~[tomcat-embed-core-10.1.10.jar:10.1.10]
	at org.apache.catalina.core.ApplicationFilterChain.doFilter(ApplicationFilterChain.java:149) ~[tomcat-embed-core-10.1.10.jar:10.1.10]
	at org.springframework.web.filter.FormContentFilter.doFilterInternal(FormContentFilter.java:93) ~[spring-web-6.0.10.jar:6.0.10]
	at org.springframework.web.filter.OncePerRequestFilter.doFilter(OncePerRequestFilter.java:116) ~[spring-web-6.0.10.jar:6.0.10]
	at org.apache.catalina.core.ApplicationFilterChain.internalDoFilter(ApplicationFilterChain.java:174) ~[tomcat-embed-core-10.1.10.jar:10.1.10]
	at org.apache.catalina.core.ApplicationFilterChain.doFilter(ApplicationFilterChain.java:149) ~[tomcat-embed-core-10.1.10.jar:10.1.10]
	at org.springframework.web.filter.CharacterEncodingFilter.doFilterInternal(CharacterEncodingFilter.java:201) ~[spring-web-6.0.10.jar:6.0.10]
	at org.springframework.web.filter.OncePerRequestFilter.doFilter(OncePerRequestFilter.java:116) ~[spring-web-6.0.10.jar:6.0.10]
	at org.apache.catalina.core.ApplicationFilterChain.internalDoFilter(ApplicationFilterChain.java:174) ~[tomcat-embed-core-10.1.10.jar:10.1.10]
	at org.apache.catalina.core.ApplicationFilterChain.doFilter(ApplicationFilterChain.java:149) ~[tomcat-embed-core-10.1.10.jar:10.1.10]
	at org.apache.catalina.core.StandardWrapperValve.invoke(StandardWrapperValve.java:166) ~[tomcat-embed-core-10.1.10.jar:10.1.10]
	at org.apache.catalina.core.StandardContextValve.invoke(StandardContextValve.java:90) ~[tomcat-embed-core-10.1.10.jar:10.1.10]
	at org.apache.catalina.authenticator.AuthenticatorBase.invoke(AuthenticatorBase.java:482) ~[tomcat-embed-core-10.1.10.jar:10.1.10]
	at org.apache.catalina.core.StandardHostValve.invoke(StandardHostValve.java:115) ~[tomcat-embed-core-10.1.10.jar:10.1.10]
	at org.apache.catalina.valves.ErrorReportValve.invoke(ErrorReportValve.java:93) ~[tomcat-embed-core-10.1.10.jar:10.1.10]
	at org.apache.catalina.core.StandardEngineValve.invoke(StandardEngineValve.java:74) ~[tomcat-embed-core-10.1.10.jar:10.1.10]
	at org.apache.catalina.connector.CoyoteAdapter.service(CoyoteAdapter.java:341) ~[tomcat-embed-core-10.1.10.jar:10.1.10]
	at org.apache.coyote.http11.Http11Processor.service(Http11Processor.java:391) ~[tomcat-embed-core-10.1.10.jar:10.1.10]
	at org.apache.coyote.AbstractProcessorLight.process(AbstractProcessorLight.java:63) ~[tomcat-embed-core-10.1.10.jar:10.1.10]
	at org.apache.coyote.AbstractProtocol$ConnectionHandler.process(AbstractProtocol.java:894) ~[tomcat-embed-core-10.1.10.jar:10.1.10]
	at org.apache.tomcat.util.net.NioEndpoint$SocketProcessor.doRun(NioEndpoint.java:1741) ~[tomcat-embed-core-10.1.10.jar:10.1.10]
	at org.apache.tomcat.util.net.SocketProcessorBase.run(SocketProcessorBase.java:52) ~[tomcat-embed-core-10.1.10.jar:10.1.10]
	at org.apache.tomcat.util.threads.ThreadPoolExecutor.runWorker(ThreadPoolExecutor.java:1191) ~[tomcat-embed-core-10.1.10.jar:10.1.10]
	at org.apache.tomcat.util.threads.ThreadPoolExecutor$Worker.run(ThreadPoolExecutor.java:659) ~[tomcat-embed-core-10.1.10.jar:10.1.10]
	at org.apache.tomcat.util.threads.TaskThread$WrappingRunnable.run(TaskThread.java:61) ~[tomcat-embed-core-10.1.10.jar:10.1.10]
	at java.base/java.lang.Thread.run(Thread.java:833) ~[na:na]

2023-07-17T12:30:00.157+02:00  INFO 5080 --- [SpringApplicationShutdownHook] j.LocalContainerEntityManagerFactoryBean : Closing JPA EntityManagerFactory for persistence unit 'default'
2023-07-17T12:30:00.165+02:00  INFO 5080 --- [SpringApplicationShutdownHook] com.zaxxer.hikari.HikariDataSource       : HikariPool-1 - Shutdown initiated...
2023-07-17T12:30:00.179+02:00  INFO 5080 --- [SpringApplicationShutdownHook] com.zaxxer.hikari.HikariDataSource       : HikariPool-1 - Shutdown completed.
2023-07-17T12:30:07.354+02:00  INFO 7000 --- [main] c.example.kurs.KursJavaRestApplication   : Starting KursJavaRestApplication using Java 17.0.7 with PID 7000 (C:\Users\wojte\Documents\Git\Java\kursJavaSpring\kursKontroleryRest\target\classes started by wojte in C:\Users\wojte\Documents\Git\Java\kursJavaSpring\kursKontroleryRest)
2023-07-17T12:30:07.360+02:00  INFO 7000 --- [main] c.example.kurs.KursJavaRestApplication   : No active profile set, falling back to 1 default profile: "default"
2023-07-17T12:30:08.904+02:00  INFO 7000 --- [main] .s.d.r.c.RepositoryConfigurationDelegate : Bootstrapping Spring Data JPA repositories in DEFAULT mode.
2023-07-17T12:30:09.053+02:00  INFO 7000 --- [main] .s.d.r.c.RepositoryConfigurationDelegate : Finished Spring Data repository scanning in 126 ms. Found 1 JPA repository interfaces.
2023-07-17T12:30:10.538+02:00  INFO 7000 --- [main] o.s.b.w.embedded.tomcat.TomcatWebServer  : Tomcat initialized with port(s): 8080 (http)
2023-07-17T12:30:10.557+02:00  INFO 7000 --- [main] o.apache.catalina.core.StandardService   : Starting service [Tomcat]
2023-07-17T12:30:10.557+02:00  INFO 7000 --- [main] o.apache.catalina.core.StandardEngine    : Starting Servlet engine: [Apache Tomcat/10.1.10]
2023-07-17T12:30:10.782+02:00  INFO 7000 --- [main] o.a.c.c.C.[Tomcat].[localhost].[/]       : Initializing Spring embedded WebApplicationContext
2023-07-17T12:30:10.783+02:00  INFO 7000 --- [main] w.s.c.ServletWebServerApplicationContext : Root WebApplicationContext: initialization completed in 3247 ms
2023-07-17T12:30:11.141+02:00  INFO 7000 --- [main] com.zaxxer.hikari.HikariDataSource       : HikariPool-1 - Starting...
2023-07-17T12:30:11.724+02:00  INFO 7000 --- [main] com.zaxxer.hikari.pool.HikariPool        : HikariPool-1 - Added connection org.postgresql.jdbc.PgConnection@6723610b
2023-07-17T12:30:11.728+02:00  INFO 7000 --- [main] com.zaxxer.hikari.HikariDataSource       : HikariPool-1 - Start completed.
2023-07-17T12:30:11.837+02:00  INFO 7000 --- [main] o.hibernate.jpa.internal.util.LogHelper  : HHH000204: Processing PersistenceUnitInfo [name: default]
2023-07-17T12:30:12.017+02:00  INFO 7000 --- [main] org.hibernate.Version                    : HHH000412: Hibernate ORM core version 6.2.5.Final
2023-07-17T12:30:12.025+02:00  INFO 7000 --- [main] org.hibernate.cfg.Environment            : HHH000406: Using bytecode reflection optimizer
2023-07-17T12:30:12.512+02:00  INFO 7000 --- [main] o.h.b.i.BytecodeProviderInitiator        : HHH000021: Bytecode provider name : bytebuddy
2023-07-17T12:30:12.835+02:00  INFO 7000 --- [main] o.s.o.j.p.SpringPersistenceUnitInfo      : No LoadTimeWeaver setup: ignoring JPA class transformer
2023-07-17T12:30:13.450+02:00  INFO 7000 --- [main] o.h.b.i.BytecodeProviderInitiator        : HHH000021: Bytecode provider name : bytebuddy
2023-07-17T12:30:14.563+02:00  INFO 7000 --- [main] o.h.e.t.j.p.i.JtaPlatformInitiator       : HHH000490: Using JtaPlatform implementation: [org.hibernate.engine.transaction.jta.platform.internal.NoJtaPlatform]
2023-07-17T12:30:14.569+02:00  INFO 7000 --- [main] j.LocalContainerEntityManagerFactoryBean : Initialized JPA EntityManagerFactory for persistence unit 'default'
2023-07-17T12:30:15.288+02:00  INFO 7000 --- [main] o.s.d.j.r.query.QueryEnhancerFactory     : Hibernate is in classpath; If applicable, HQL parser will be used.
2023-07-17T12:30:15.523+02:00  WARN 7000 --- [main] JpaBaseConfiguration$JpaWebConfiguration : spring.jpa.open-in-view is enabled by default. Therefore, database queries may be performed during view rendering. Explicitly configure spring.jpa.open-in-view to disable this warning
2023-07-17T12:30:16.263+02:00  INFO 7000 --- [main] o.s.b.w.embedded.tomcat.TomcatWebServer  : Tomcat started on port(s): 8080 (http) with context path ''
2023-07-17T12:30:16.281+02:00  INFO 7000 --- [main] c.example.kurs.KursJavaRestApplication   : Started KursJavaRestApplication in 9.782 seconds (process running for 10.676)
2023-07-17T15:26:05.977+02:00  INFO 11272 --- [main] c.example.kurs.KursJavaRestApplication   : Starting KursJavaRestApplication using Java 17.0.7 with PID 11272 (C:\Users\wojte\Documents\Git\Java\kursJavaSpring\kursKontroleryRest\target\classes started by wojte in C:\Users\wojte\Documents\Git\Java\kursJavaSpring\kursKontroleryRest)
2023-07-17T15:26:05.990+02:00  INFO 11272 --- [main] c.example.kurs.KursJavaRestApplication   : No active profile set, falling back to 1 default profile: "default"
2023-07-17T15:26:07.267+02:00  INFO 11272 --- [main] .s.d.r.c.RepositoryConfigurationDelegate : Bootstrapping Spring Data JPA repositories in DEFAULT mode.
2023-07-17T15:26:07.415+02:00  INFO 11272 --- [main] .s.d.r.c.RepositoryConfigurationDelegate : Finished Spring Data repository scanning in 127 ms. Found 1 JPA repository interfaces.
2023-07-17T15:26:08.688+02:00  INFO 11272 --- [main] o.s.b.w.embedded.tomcat.TomcatWebServer  : Tomcat initialized with port(s): 8080 (http)
2023-07-17T15:26:08.708+02:00  INFO 11272 --- [main] o.apache.catalina.core.StandardService   : Starting service [Tomcat]
2023-07-17T15:26:08.709+02:00  INFO 11272 --- [main] o.apache.catalina.core.StandardEngine    : Starting Servlet engine: [Apache Tomcat/10.1.10]
2023-07-17T15:26:08.919+02:00  INFO 11272 --- [main] o.a.c.c.C.[Tomcat].[localhost].[/]       : Initializing Spring embedded WebApplicationContext
2023-07-17T15:26:08.920+02:00  INFO 11272 --- [main] w.s.c.ServletWebServerApplicationContext : Root WebApplicationContext: initialization completed in 2813 ms
2023-07-17T15:26:09.181+02:00  INFO 11272 --- [main] com.zaxxer.hikari.HikariDataSource       : HikariPool-1 - Starting...
2023-07-17T15:26:09.723+02:00  INFO 11272 --- [main] com.zaxxer.hikari.pool.HikariPool        : HikariPool-1 - Added connection org.postgresql.jdbc.PgConnection@75023c53
2023-07-17T15:26:09.726+02:00  INFO 11272 --- [main] com.zaxxer.hikari.HikariDataSource       : HikariPool-1 - Start completed.
2023-07-17T15:26:09.834+02:00  INFO 11272 --- [main] o.hibernate.jpa.internal.util.LogHelper  : HHH000204: Processing PersistenceUnitInfo [name: default]
2023-07-17T15:26:09.982+02:00  INFO 11272 --- [main] org.hibernate.Version                    : HHH000412: Hibernate ORM core version 6.2.5.Final
2023-07-17T15:26:09.988+02:00  INFO 11272 --- [main] org.hibernate.cfg.Environment            : HHH000406: Using bytecode reflection optimizer
2023-07-17T15:26:10.258+02:00  INFO 11272 --- [main] o.h.b.i.BytecodeProviderInitiator        : HHH000021: Bytecode provider name : bytebuddy
2023-07-17T15:26:10.514+02:00  INFO 11272 --- [main] o.s.o.j.p.SpringPersistenceUnitInfo      : No LoadTimeWeaver setup: ignoring JPA class transformer
2023-07-17T15:26:11.210+02:00  INFO 11272 --- [main] o.h.b.i.BytecodeProviderInitiator        : HHH000021: Bytecode provider name : bytebuddy
2023-07-17T15:26:12.235+02:00  INFO 11272 --- [main] o.h.e.t.j.p.i.JtaPlatformInitiator       : HHH000490: Using JtaPlatform implementation: [org.hibernate.engine.transaction.jta.platform.internal.NoJtaPlatform]
2023-07-17T15:26:12.240+02:00  INFO 11272 --- [main] j.LocalContainerEntityManagerFactoryBean : Initialized JPA EntityManagerFactory for persistence unit 'default'
2023-07-17T15:26:12.839+02:00  INFO 11272 --- [main] o.s.d.j.r.query.QueryEnhancerFactory     : Hibernate is in classpath; If applicable, HQL parser will be used.
2023-07-17T15:26:12.991+02:00  WARN 11272 --- [main] JpaBaseConfiguration$JpaWebConfiguration : spring.jpa.open-in-view is enabled by default. Therefore, database queries may be performed during view rendering. Explicitly configure spring.jpa.open-in-view to disable this warning
2023-07-17T15:26:13.637+02:00  INFO 11272 --- [main] o.s.b.w.embedded.tomcat.TomcatWebServer  : Tomcat started on port(s): 8080 (http) with context path ''
2023-07-17T15:26:13.652+02:00  INFO 11272 --- [main] c.example.kurs.KursJavaRestApplication   : Started KursJavaRestApplication in 8.426 seconds (process running for 10.85)
2023-07-17T15:26:19.011+02:00  INFO 11272 --- [SpringApplicationShutdownHook] j.LocalContainerEntityManagerFactoryBean : Closing JPA EntityManagerFactory for persistence unit 'default'
2023-07-17T15:26:19.015+02:00  INFO 11272 --- [SpringApplicationShutdownHook] com.zaxxer.hikari.HikariDataSource       : HikariPool-1 - Shutdown initiated...
2023-07-17T15:26:19.041+02:00  INFO 11272 --- [SpringApplicationShutdownHook] com.zaxxer.hikari.HikariDataSource       : HikariPool-1 - Shutdown completed.
2023-07-17T15:59:44.223+02:00  INFO 7728 --- [main] c.e.kurs.KursJavaRestApplicationTests    : Starting KursJavaRestApplicationTests using Java 17.0.7 with PID 7728 (started by wojte in C:\Users\wojte\Documents\Git\Java\kursJavaSpring\kursKontroleryRest)
2023-07-17T15:59:44.226+02:00  INFO 7728 --- [main] c.e.kurs.KursJavaRestApplicationTests    : No active profile set, falling back to 1 default profile: "default"
2023-07-17T15:59:45.511+02:00  INFO 7728 --- [main] .s.d.r.c.RepositoryConfigurationDelegate : Bootstrapping Spring Data JPA repositories in DEFAULT mode.
2023-07-17T15:59:45.622+02:00  INFO 7728 --- [main] .s.d.r.c.RepositoryConfigurationDelegate : Finished Spring Data repository scanning in 92 ms. Found 1 JPA repository interfaces.
2023-07-17T15:59:46.467+02:00  INFO 7728 --- [main] com.zaxxer.hikari.HikariDataSource       : HikariPool-1 - Starting...
2023-07-17T15:59:46.991+02:00  INFO 7728 --- [main] com.zaxxer.hikari.pool.HikariPool        : HikariPool-1 - Added connection org.postgresql.jdbc.PgConnection@1200458e
2023-07-17T15:59:46.994+02:00  INFO 7728 --- [main] com.zaxxer.hikari.HikariDataSource       : HikariPool-1 - Start completed.
2023-07-17T15:59:47.117+02:00  INFO 7728 --- [main] o.hibernate.jpa.internal.util.LogHelper  : HHH000204: Processing PersistenceUnitInfo [name: default]
2023-07-17T15:59:47.439+02:00  INFO 7728 --- [main] org.hibernate.Version                    : HHH000412: Hibernate ORM core version 6.2.5.Final
2023-07-17T15:59:47.478+02:00  INFO 7728 --- [main] org.hibernate.cfg.Environment            : HHH000406: Using bytecode reflection optimizer
2023-07-17T15:59:47.958+02:00  INFO 7728 --- [main] o.h.b.i.BytecodeProviderInitiator        : HHH000021: Bytecode provider name : bytebuddy
2023-07-17T15:59:48.311+02:00  INFO 7728 --- [main] o.s.o.j.p.SpringPersistenceUnitInfo      : No LoadTimeWeaver setup: ignoring JPA class transformer
2023-07-17T15:59:48.895+02:00  INFO 7728 --- [main] o.h.b.i.BytecodeProviderInitiator        : HHH000021: Bytecode provider name : bytebuddy
2023-07-17T15:59:49.976+02:00  INFO 7728 --- [main] o.h.e.t.j.p.i.JtaPlatformInitiator       : HHH000490: Using JtaPlatform implementation: [org.hibernate.engine.transaction.jta.platform.internal.NoJtaPlatform]
2023-07-17T15:59:49.981+02:00  INFO 7728 --- [main] j.LocalContainerEntityManagerFactoryBean : Initialized JPA EntityManagerFactory for persistence unit 'default'
2023-07-17T15:59:50.719+02:00  INFO 7728 --- [main] o.s.d.j.r.query.QueryEnhancerFactory     : Hibernate is in classpath; If applicable, HQL parser will be used.
2023-07-17T15:59:51.183+02:00  WARN 7728 --- [main] JpaBaseConfiguration$JpaWebConfiguration : spring.jpa.open-in-view is enabled by default. Therefore, database queries may be performed during view rendering. Explicitly configure spring.jpa.open-in-view to disable this warning
2023-07-17T15:59:51.890+02:00  INFO 7728 --- [main] c.e.kurs.KursJavaRestApplicationTests    : Started KursJavaRestApplicationTests in 8.246 seconds (process running for 10.129)
2023-07-17T15:59:52.941+02:00  INFO 7728 --- [SpringApplicationShutdownHook] j.LocalContainerEntityManagerFactoryBean : Closing JPA EntityManagerFactory for persistence unit 'default'
2023-07-17T15:59:52.944+02:00  INFO 7728 --- [SpringApplicationShutdownHook] com.zaxxer.hikari.HikariDataSource       : HikariPool-1 - Shutdown initiated...
2023-07-17T15:59:52.959+02:00  INFO 7728 --- [SpringApplicationShutdownHook] com.zaxxer.hikari.HikariDataSource       : HikariPool-1 - Shutdown completed.
2023-07-17T16:05:51.107+02:00  INFO 11184 --- [main] c.example.kurs.KursJavaRestApplication   : Starting KursJavaRestApplication using Java 17.0.7 with PID 11184 (C:\Users\wojte\Documents\Git\Java\kursJavaSpring\kursKontroleryRest\target\classes started by wojte in C:\Users\wojte\Documents\Git\Java\kursJavaSpring\kursKontroleryRest)
2023-07-17T16:05:51.112+02:00  INFO 11184 --- [main] c.example.kurs.KursJavaRestApplication   : No active profile set, falling back to 1 default profile: "default"
2023-07-17T16:05:52.547+02:00  INFO 11184 --- [main] .s.d.r.c.RepositoryConfigurationDelegate : Bootstrapping Spring Data JPA repositories in DEFAULT mode.
2023-07-17T16:05:52.681+02:00  INFO 11184 --- [main] .s.d.r.c.RepositoryConfigurationDelegate : Finished Spring Data repository scanning in 112 ms. Found 1 JPA repository interfaces.
2023-07-17T16:05:53.926+02:00  INFO 11184 --- [main] o.s.b.w.embedded.tomcat.TomcatWebServer  : Tomcat initialized with port(s): 8080 (http)
2023-07-17T16:05:53.948+02:00  INFO 11184 --- [main] o.apache.catalina.core.StandardService   : Starting service [Tomcat]
2023-07-17T16:05:53.949+02:00  INFO 11184 --- [main] o.apache.catalina.core.StandardEngine    : Starting Servlet engine: [Apache Tomcat/10.1.10]
2023-07-17T16:05:54.146+02:00  INFO 11184 --- [main] o.a.c.c.C.[Tomcat].[localhost].[/]       : Initializing Spring embedded WebApplicationContext
2023-07-17T16:05:54.147+02:00  INFO 11184 --- [main] w.s.c.ServletWebServerApplicationContext : Root WebApplicationContext: initialization completed in 2893 ms
2023-07-17T16:05:54.429+02:00  INFO 11184 --- [main] com.zaxxer.hikari.HikariDataSource       : HikariPool-1 - Starting...
2023-07-17T16:05:54.754+02:00  INFO 11184 --- [main] com.zaxxer.hikari.pool.HikariPool        : HikariPool-1 - Added connection org.postgresql.jdbc.PgConnection@de81be1
2023-07-17T16:05:54.756+02:00  INFO 11184 --- [main] com.zaxxer.hikari.HikariDataSource       : HikariPool-1 - Start completed.
2023-07-17T16:05:54.857+02:00  INFO 11184 --- [main] o.hibernate.jpa.internal.util.LogHelper  : HHH000204: Processing PersistenceUnitInfo [name: default]
2023-07-17T16:05:55.030+02:00  INFO 11184 --- [main] org.hibernate.Version                    : HHH000412: Hibernate ORM core version 6.2.5.Final
2023-07-17T16:05:55.038+02:00  INFO 11184 --- [main] org.hibernate.cfg.Environment            : HHH000406: Using bytecode reflection optimizer
2023-07-17T16:05:55.477+02:00  INFO 11184 --- [main] o.h.b.i.BytecodeProviderInitiator        : HHH000021: Bytecode provider name : bytebuddy
2023-07-17T16:05:55.723+02:00  INFO 11184 --- [main] o.s.o.j.p.SpringPersistenceUnitInfo      : No LoadTimeWeaver setup: ignoring JPA class transformer
2023-07-17T16:05:56.298+02:00  INFO 11184 --- [main] o.h.b.i.BytecodeProviderInitiator        : HHH000021: Bytecode provider name : bytebuddy
2023-07-17T16:05:57.386+02:00  INFO 11184 --- [main] o.h.e.t.j.p.i.JtaPlatformInitiator       : HHH000490: Using JtaPlatform implementation: [org.hibernate.engine.transaction.jta.platform.internal.NoJtaPlatform]
2023-07-17T16:05:57.395+02:00  INFO 11184 --- [main] j.LocalContainerEntityManagerFactoryBean : Initialized JPA EntityManagerFactory for persistence unit 'default'
2023-07-17T16:05:58.209+02:00  INFO 11184 --- [main] o.s.d.j.r.query.QueryEnhancerFactory     : Hibernate is in classpath; If applicable, HQL parser will be used.
2023-07-17T16:05:58.412+02:00  WARN 11184 --- [main] JpaBaseConfiguration$JpaWebConfiguration : spring.jpa.open-in-view is enabled by default. Therefore, database queries may be performed during view rendering. Explicitly configure spring.jpa.open-in-view to disable this warning
2023-07-17T16:05:59.630+02:00  INFO 11184 --- [main] o.s.b.w.embedded.tomcat.TomcatWebServer  : Tomcat started on port(s): 8080 (http) with context path ''
2023-07-17T16:05:59.731+02:00  INFO 11184 --- [main] c.example.kurs.KursJavaRestApplication   : Started KursJavaRestApplication in 9.368 seconds (process running for 10.72)
2023-07-17T16:06:01.494+02:00  INFO 11184 --- [http-nio-8080-exec-2] o.a.c.c.C.[Tomcat].[localhost].[/]       : Initializing Spring DispatcherServlet 'dispatcherServlet'
2023-07-17T16:06:01.494+02:00  INFO 11184 --- [http-nio-8080-exec-2] o.s.web.servlet.DispatcherServlet        : Initializing Servlet 'dispatcherServlet'
2023-07-17T16:06:01.496+02:00  INFO 11184 --- [http-nio-8080-exec-2] o.s.web.servlet.DispatcherServlet        : Completed initialization in 1 ms
2023-07-17T16:06:01.637+02:00 ERROR 11184 --- [http-nio-8080-exec-2] o.a.c.c.C.[.[.[/].[dispatcherServlet]    : Servlet.service() for servlet [dispatcherServlet] in context with path [] threw exception [Request processing failed: java.util.NoSuchElementException: No value present] with root cause

java.util.NoSuchElementException: No value present
	at java.base/java.util.Optional.get(Optional.java:143) ~[na:na]
	at com.example.kurs.FamilyController.getFamilyDB(FamilyController.java:79) ~[classes/:na]
	at java.base/jdk.internal.reflect.NativeMethodAccessorImpl.invoke0(Native Method) ~[na:na]
	at java.base/jdk.internal.reflect.NativeMethodAccessorImpl.invoke(NativeMethodAccessorImpl.java:77) ~[na:na]
	at java.base/jdk.internal.reflect.DelegatingMethodAccessorImpl.invoke(DelegatingMethodAccessorImpl.java:43) ~[na:na]
	at java.base/java.lang.reflect.Method.invoke(Method.java:568) ~[na:na]
	at org.springframework.aop.support.AopUtils.invokeJoinpointUsingReflection(AopUtils.java:343) ~[spring-aop-6.0.10.jar:6.0.10]
	at org.springframework.aop.framework.CglibAopProxy$DynamicAdvisedInterceptor.intercept(CglibAopProxy.java:704) ~[spring-aop-6.0.10.jar:6.0.10]
	at com.example.kurs.FamilyController$$SpringCGLIB$$0.getFamilyDB(<generated>) ~[classes/:na]
	at java.base/jdk.internal.reflect.NativeMethodAccessorImpl.invoke0(Native Method) ~[na:na]
	at java.base/jdk.internal.reflect.NativeMethodAccessorImpl.invoke(NativeMethodAccessorImpl.java:77) ~[na:na]
	at java.base/jdk.internal.reflect.DelegatingMethodAccessorImpl.invoke(DelegatingMethodAccessorImpl.java:43) ~[na:na]
	at java.base/java.lang.reflect.Method.invoke(Method.java:568) ~[na:na]
	at org.springframework.web.method.support.InvocableHandlerMethod.doInvoke(InvocableHandlerMethod.java:207) ~[spring-web-6.0.10.jar:6.0.10]
	at org.springframework.web.method.support.InvocableHandlerMethod.invokeForRequest(InvocableHandlerMethod.java:152) ~[spring-web-6.0.10.jar:6.0.10]
	at org.springframework.web.servlet.mvc.method.annotation.ServletInvocableHandlerMethod.invokeAndHandle(ServletInvocableHandlerMethod.java:118) ~[spring-webmvc-6.0.10.jar:6.0.10]
	at org.springframework.web.servlet.mvc.method.annotation.RequestMappingHandlerAdapter.invokeHandlerMethod(RequestMappingHandlerAdapter.java:884) ~[spring-webmvc-6.0.10.jar:6.0.10]
	at org.springframework.web.servlet.mvc.method.annotation.RequestMappingHandlerAdapter.handleInternal(RequestMappingHandlerAdapter.java:797) ~[spring-webmvc-6.0.10.jar:6.0.10]
	at org.springframework.web.servlet.mvc.method.AbstractHandlerMethodAdapter.handle(AbstractHandlerMethodAdapter.java:87) ~[spring-webmvc-6.0.10.jar:6.0.10]
	at org.springframework.web.servlet.DispatcherServlet.doDispatch(DispatcherServlet.java:1081) ~[spring-webmvc-6.0.10.jar:6.0.10]
	at org.springframework.web.servlet.DispatcherServlet.doService(DispatcherServlet.java:974) ~[spring-webmvc-6.0.10.jar:6.0.10]
	at org.springframework.web.servlet.FrameworkServlet.processRequest(FrameworkServlet.java:1011) ~[spring-webmvc-6.0.10.jar:6.0.10]
	at org.springframework.web.servlet.FrameworkServlet.doGet(FrameworkServlet.java:903) ~[spring-webmvc-6.0.10.jar:6.0.10]
	at jakarta.servlet.http.HttpServlet.service(HttpServlet.java:564) ~[tomcat-embed-core-10.1.10.jar:6.0]
	at org.springframework.web.servlet.FrameworkServlet.service(FrameworkServlet.java:885) ~[spring-webmvc-6.0.10.jar:6.0.10]
	at jakarta.servlet.http.HttpServlet.service(HttpServlet.java:658) ~[tomcat-embed-core-10.1.10.jar:6.0]
	at org.apache.catalina.core.ApplicationFilterChain.internalDoFilter(ApplicationFilterChain.java:205) ~[tomcat-embed-core-10.1.10.jar:10.1.10]
	at org.apache.catalina.core.ApplicationFilterChain.doFilter(ApplicationFilterChain.java:149) ~[tomcat-embed-core-10.1.10.jar:10.1.10]
	at org.apache.tomcat.websocket.server.WsFilter.doFilter(WsFilter.java:51) ~[tomcat-embed-websocket-10.1.10.jar:10.1.10]
	at org.apache.catalina.core.ApplicationFilterChain.internalDoFilter(ApplicationFilterChain.java:174) ~[tomcat-embed-core-10.1.10.jar:10.1.10]
	at org.apache.catalina.core.ApplicationFilterChain.doFilter(ApplicationFilterChain.java:149) ~[tomcat-embed-core-10.1.10.jar:10.1.10]
	at org.springframework.web.filter.RequestContextFilter.doFilterInternal(RequestContextFilter.java:100) ~[spring-web-6.0.10.jar:6.0.10]
	at org.springframework.web.filter.OncePerRequestFilter.doFilter(OncePerRequestFilter.java:116) ~[spring-web-6.0.10.jar:6.0.10]
	at org.apache.catalina.core.ApplicationFilterChain.internalDoFilter(ApplicationFilterChain.java:174) ~[tomcat-embed-core-10.1.10.jar:10.1.10]
	at org.apache.catalina.core.ApplicationFilterChain.doFilter(ApplicationFilterChain.java:149) ~[tomcat-embed-core-10.1.10.jar:10.1.10]
	at org.springframework.web.filter.FormContentFilter.doFilterInternal(FormContentFilter.java:93) ~[spring-web-6.0.10.jar:6.0.10]
	at org.springframework.web.filter.OncePerRequestFilter.doFilter(OncePerRequestFilter.java:116) ~[spring-web-6.0.10.jar:6.0.10]
	at org.apache.catalina.core.ApplicationFilterChain.internalDoFilter(ApplicationFilterChain.java:174) ~[tomcat-embed-core-10.1.10.jar:10.1.10]
	at org.apache.catalina.core.ApplicationFilterChain.doFilter(ApplicationFilterChain.java:149) ~[tomcat-embed-core-10.1.10.jar:10.1.10]
	at org.springframework.web.filter.CharacterEncodingFilter.doFilterInternal(CharacterEncodingFilter.java:201) ~[spring-web-6.0.10.jar:6.0.10]
	at org.springframework.web.filter.OncePerRequestFilter.doFilter(OncePerRequestFilter.java:116) ~[spring-web-6.0.10.jar:6.0.10]
	at org.apache.catalina.core.ApplicationFilterChain.internalDoFilter(ApplicationFilterChain.java:174) ~[tomcat-embed-core-10.1.10.jar:10.1.10]
	at org.apache.catalina.core.ApplicationFilterChain.doFilter(ApplicationFilterChain.java:149) ~[tomcat-embed-core-10.1.10.jar:10.1.10]
	at org.apache.catalina.core.StandardWrapperValve.invoke(StandardWrapperValve.java:166) ~[tomcat-embed-core-10.1.10.jar:10.1.10]
	at org.apache.catalina.core.StandardContextValve.invoke(StandardContextValve.java:90) ~[tomcat-embed-core-10.1.10.jar:10.1.10]
	at org.apache.catalina.authenticator.AuthenticatorBase.invoke(AuthenticatorBase.java:482) ~[tomcat-embed-core-10.1.10.jar:10.1.10]
	at org.apache.catalina.core.StandardHostValve.invoke(StandardHostValve.java:115) ~[tomcat-embed-core-10.1.10.jar:10.1.10]
	at org.apache.catalina.valves.ErrorReportValve.invoke(ErrorReportValve.java:93) ~[tomcat-embed-core-10.1.10.jar:10.1.10]
	at org.apache.catalina.core.StandardEngineValve.invoke(StandardEngineValve.java:74) ~[tomcat-embed-core-10.1.10.jar:10.1.10]
	at org.apache.catalina.connector.CoyoteAdapter.service(CoyoteAdapter.java:341) ~[tomcat-embed-core-10.1.10.jar:10.1.10]
	at org.apache.coyote.http11.Http11Processor.service(Http11Processor.java:391) ~[tomcat-embed-core-10.1.10.jar:10.1.10]
	at org.apache.coyote.AbstractProcessorLight.process(AbstractProcessorLight.java:63) ~[tomcat-embed-core-10.1.10.jar:10.1.10]
	at org.apache.coyote.AbstractProtocol$ConnectionHandler.process(AbstractProtocol.java:894) ~[tomcat-embed-core-10.1.10.jar:10.1.10]
	at org.apache.tomcat.util.net.NioEndpoint$SocketProcessor.doRun(NioEndpoint.java:1741) ~[tomcat-embed-core-10.1.10.jar:10.1.10]
	at org.apache.tomcat.util.net.SocketProcessorBase.run(SocketProcessorBase.java:52) ~[tomcat-embed-core-10.1.10.jar:10.1.10]
	at org.apache.tomcat.util.threads.ThreadPoolExecutor.runWorker(ThreadPoolExecutor.java:1191) ~[tomcat-embed-core-10.1.10.jar:10.1.10]
	at org.apache.tomcat.util.threads.ThreadPoolExecutor$Worker.run(ThreadPoolExecutor.java:659) ~[tomcat-embed-core-10.1.10.jar:10.1.10]
	at org.apache.tomcat.util.threads.TaskThread$WrappingRunnable.run(TaskThread.java:61) ~[tomcat-embed-core-10.1.10.jar:10.1.10]
	at java.base/java.lang.Thread.run(Thread.java:833) ~[na:na]

2023-07-17T16:06:04.036+02:00 ERROR 11184 --- [http-nio-8080-exec-4] o.a.c.c.C.[.[.[/].[dispatcherServlet]    : Servlet.service() for servlet [dispatcherServlet] in context with path [] threw exception [Request processing failed: java.util.NoSuchElementException: No value present] with root cause

java.util.NoSuchElementException: No value present
	at java.base/java.util.Optional.get(Optional.java:143) ~[na:na]
	at com.example.kurs.FamilyController.getFamilyDB(FamilyController.java:79) ~[classes/:na]
	at java.base/jdk.internal.reflect.NativeMethodAccessorImpl.invoke0(Native Method) ~[na:na]
	at java.base/jdk.internal.reflect.NativeMethodAccessorImpl.invoke(NativeMethodAccessorImpl.java:77) ~[na:na]
	at java.base/jdk.internal.reflect.DelegatingMethodAccessorImpl.invoke(DelegatingMethodAccessorImpl.java:43) ~[na:na]
	at java.base/java.lang.reflect.Method.invoke(Method.java:568) ~[na:na]
	at org.springframework.aop.support.AopUtils.invokeJoinpointUsingReflection(AopUtils.java:343) ~[spring-aop-6.0.10.jar:6.0.10]
	at org.springframework.aop.framework.CglibAopProxy$DynamicAdvisedInterceptor.intercept(CglibAopProxy.java:704) ~[spring-aop-6.0.10.jar:6.0.10]
	at com.example.kurs.FamilyController$$SpringCGLIB$$0.getFamilyDB(<generated>) ~[classes/:na]
	at java.base/jdk.internal.reflect.NativeMethodAccessorImpl.invoke0(Native Method) ~[na:na]
	at java.base/jdk.internal.reflect.NativeMethodAccessorImpl.invoke(NativeMethodAccessorImpl.java:77) ~[na:na]
	at java.base/jdk.internal.reflect.DelegatingMethodAccessorImpl.invoke(DelegatingMethodAccessorImpl.java:43) ~[na:na]
	at java.base/java.lang.reflect.Method.invoke(Method.java:568) ~[na:na]
	at org.springframework.web.method.support.InvocableHandlerMethod.doInvoke(InvocableHandlerMethod.java:207) ~[spring-web-6.0.10.jar:6.0.10]
	at org.springframework.web.method.support.InvocableHandlerMethod.invokeForRequest(InvocableHandlerMethod.java:152) ~[spring-web-6.0.10.jar:6.0.10]
	at org.springframework.web.servlet.mvc.method.annotation.ServletInvocableHandlerMethod.invokeAndHandle(ServletInvocableHandlerMethod.java:118) ~[spring-webmvc-6.0.10.jar:6.0.10]
	at org.springframework.web.servlet.mvc.method.annotation.RequestMappingHandlerAdapter.invokeHandlerMethod(RequestMappingHandlerAdapter.java:884) ~[spring-webmvc-6.0.10.jar:6.0.10]
	at org.springframework.web.servlet.mvc.method.annotation.RequestMappingHandlerAdapter.handleInternal(RequestMappingHandlerAdapter.java:797) ~[spring-webmvc-6.0.10.jar:6.0.10]
	at org.springframework.web.servlet.mvc.method.AbstractHandlerMethodAdapter.handle(AbstractHandlerMethodAdapter.java:87) ~[spring-webmvc-6.0.10.jar:6.0.10]
	at org.springframework.web.servlet.DispatcherServlet.doDispatch(DispatcherServlet.java:1081) ~[spring-webmvc-6.0.10.jar:6.0.10]
	at org.springframework.web.servlet.DispatcherServlet.doService(DispatcherServlet.java:974) ~[spring-webmvc-6.0.10.jar:6.0.10]
	at org.springframework.web.servlet.FrameworkServlet.processRequest(FrameworkServlet.java:1011) ~[spring-webmvc-6.0.10.jar:6.0.10]
	at org.springframework.web.servlet.FrameworkServlet.doGet(FrameworkServlet.java:903) ~[spring-webmvc-6.0.10.jar:6.0.10]
	at jakarta.servlet.http.HttpServlet.service(HttpServlet.java:564) ~[tomcat-embed-core-10.1.10.jar:6.0]
	at org.springframework.web.servlet.FrameworkServlet.service(FrameworkServlet.java:885) ~[spring-webmvc-6.0.10.jar:6.0.10]
	at jakarta.servlet.http.HttpServlet.service(HttpServlet.java:658) ~[tomcat-embed-core-10.1.10.jar:6.0]
	at org.apache.catalina.core.ApplicationFilterChain.internalDoFilter(ApplicationFilterChain.java:205) ~[tomcat-embed-core-10.1.10.jar:10.1.10]
	at org.apache.catalina.core.ApplicationFilterChain.doFilter(ApplicationFilterChain.java:149) ~[tomcat-embed-core-10.1.10.jar:10.1.10]
	at org.apache.tomcat.websocket.server.WsFilter.doFilter(WsFilter.java:51) ~[tomcat-embed-websocket-10.1.10.jar:10.1.10]
	at org.apache.catalina.core.ApplicationFilterChain.internalDoFilter(ApplicationFilterChain.java:174) ~[tomcat-embed-core-10.1.10.jar:10.1.10]
	at org.apache.catalina.core.ApplicationFilterChain.doFilter(ApplicationFilterChain.java:149) ~[tomcat-embed-core-10.1.10.jar:10.1.10]
	at org.springframework.web.filter.RequestContextFilter.doFilterInternal(RequestContextFilter.java:100) ~[spring-web-6.0.10.jar:6.0.10]
	at org.springframework.web.filter.OncePerRequestFilter.doFilter(OncePerRequestFilter.java:116) ~[spring-web-6.0.10.jar:6.0.10]
	at org.apache.catalina.core.ApplicationFilterChain.internalDoFilter(ApplicationFilterChain.java:174) ~[tomcat-embed-core-10.1.10.jar:10.1.10]
	at org.apache.catalina.core.ApplicationFilterChain.doFilter(ApplicationFilterChain.java:149) ~[tomcat-embed-core-10.1.10.jar:10.1.10]
	at org.springframework.web.filter.FormContentFilter.doFilterInternal(FormContentFilter.java:93) ~[spring-web-6.0.10.jar:6.0.10]
	at org.springframework.web.filter.OncePerRequestFilter.doFilter(OncePerRequestFilter.java:116) ~[spring-web-6.0.10.jar:6.0.10]
	at org.apache.catalina.core.ApplicationFilterChain.internalDoFilter(ApplicationFilterChain.java:174) ~[tomcat-embed-core-10.1.10.jar:10.1.10]
	at org.apache.catalina.core.ApplicationFilterChain.doFilter(ApplicationFilterChain.java:149) ~[tomcat-embed-core-10.1.10.jar:10.1.10]
	at org.springframework.web.filter.CharacterEncodingFilter.doFilterInternal(CharacterEncodingFilter.java:201) ~[spring-web-6.0.10.jar:6.0.10]
	at org.springframework.web.filter.OncePerRequestFilter.doFilter(OncePerRequestFilter.java:116) ~[spring-web-6.0.10.jar:6.0.10]
	at org.apache.catalina.core.ApplicationFilterChain.internalDoFilter(ApplicationFilterChain.java:174) ~[tomcat-embed-core-10.1.10.jar:10.1.10]
	at org.apache.catalina.core.ApplicationFilterChain.doFilter(ApplicationFilterChain.java:149) ~[tomcat-embed-core-10.1.10.jar:10.1.10]
	at org.apache.catalina.core.StandardWrapperValve.invoke(StandardWrapperValve.java:166) ~[tomcat-embed-core-10.1.10.jar:10.1.10]
	at org.apache.catalina.core.StandardContextValve.invoke(StandardContextValve.java:90) ~[tomcat-embed-core-10.1.10.jar:10.1.10]
	at org.apache.catalina.authenticator.AuthenticatorBase.invoke(AuthenticatorBase.java:482) ~[tomcat-embed-core-10.1.10.jar:10.1.10]
	at org.apache.catalina.core.StandardHostValve.invoke(StandardHostValve.java:115) ~[tomcat-embed-core-10.1.10.jar:10.1.10]
	at org.apache.catalina.valves.ErrorReportValve.invoke(ErrorReportValve.java:93) ~[tomcat-embed-core-10.1.10.jar:10.1.10]
	at org.apache.catalina.core.StandardEngineValve.invoke(StandardEngineValve.java:74) ~[tomcat-embed-core-10.1.10.jar:10.1.10]
	at org.apache.catalina.connector.CoyoteAdapter.service(CoyoteAdapter.java:341) ~[tomcat-embed-core-10.1.10.jar:10.1.10]
	at org.apache.coyote.http11.Http11Processor.service(Http11Processor.java:391) ~[tomcat-embed-core-10.1.10.jar:10.1.10]
	at org.apache.coyote.AbstractProcessorLight.process(AbstractProcessorLight.java:63) ~[tomcat-embed-core-10.1.10.jar:10.1.10]
	at org.apache.coyote.AbstractProtocol$ConnectionHandler.process(AbstractProtocol.java:894) ~[tomcat-embed-core-10.1.10.jar:10.1.10]
	at org.apache.tomcat.util.net.NioEndpoint$SocketProcessor.doRun(NioEndpoint.java:1741) ~[tomcat-embed-core-10.1.10.jar:10.1.10]
	at org.apache.tomcat.util.net.SocketProcessorBase.run(SocketProcessorBase.java:52) ~[tomcat-embed-core-10.1.10.jar:10.1.10]
	at org.apache.tomcat.util.threads.ThreadPoolExecutor.runWorker(ThreadPoolExecutor.java:1191) ~[tomcat-embed-core-10.1.10.jar:10.1.10]
	at org.apache.tomcat.util.threads.ThreadPoolExecutor$Worker.run(ThreadPoolExecutor.java:659) ~[tomcat-embed-core-10.1.10.jar:10.1.10]
	at org.apache.tomcat.util.threads.TaskThread$WrappingRunnable.run(TaskThread.java:61) ~[tomcat-embed-core-10.1.10.jar:10.1.10]
	at java.base/java.lang.Thread.run(Thread.java:833) ~[na:na]

2023-07-17T16:08:06.388+02:00 ERROR 11184 --- [http-nio-8080-exec-6] o.a.c.c.C.[.[.[/].[dispatcherServlet]    : Servlet.service() for servlet [dispatcherServlet] in context with path [] threw exception [Request processing failed: java.util.NoSuchElementException: No value present] with root cause

java.util.NoSuchElementException: No value present
	at java.base/java.util.Optional.get(Optional.java:143) ~[na:na]
	at com.example.kurs.FamilyController.getFamilyDB(FamilyController.java:79) ~[classes/:na]
	at java.base/jdk.internal.reflect.NativeMethodAccessorImpl.invoke0(Native Method) ~[na:na]
	at java.base/jdk.internal.reflect.NativeMethodAccessorImpl.invoke(NativeMethodAccessorImpl.java:77) ~[na:na]
	at java.base/jdk.internal.reflect.DelegatingMethodAccessorImpl.invoke(DelegatingMethodAccessorImpl.java:43) ~[na:na]
	at java.base/java.lang.reflect.Method.invoke(Method.java:568) ~[na:na]
	at org.springframework.aop.support.AopUtils.invokeJoinpointUsingReflection(AopUtils.java:343) ~[spring-aop-6.0.10.jar:6.0.10]
	at org.springframework.aop.framework.CglibAopProxy$DynamicAdvisedInterceptor.intercept(CglibAopProxy.java:704) ~[spring-aop-6.0.10.jar:6.0.10]
	at com.example.kurs.FamilyController$$SpringCGLIB$$0.getFamilyDB(<generated>) ~[classes/:na]
	at java.base/jdk.internal.reflect.NativeMethodAccessorImpl.invoke0(Native Method) ~[na:na]
	at java.base/jdk.internal.reflect.NativeMethodAccessorImpl.invoke(NativeMethodAccessorImpl.java:77) ~[na:na]
	at java.base/jdk.internal.reflect.DelegatingMethodAccessorImpl.invoke(DelegatingMethodAccessorImpl.java:43) ~[na:na]
	at java.base/java.lang.reflect.Method.invoke(Method.java:568) ~[na:na]
	at org.springframework.web.method.support.InvocableHandlerMethod.doInvoke(InvocableHandlerMethod.java:207) ~[spring-web-6.0.10.jar:6.0.10]
	at org.springframework.web.method.support.InvocableHandlerMethod.invokeForRequest(InvocableHandlerMethod.java:152) ~[spring-web-6.0.10.jar:6.0.10]
	at org.springframework.web.servlet.mvc.method.annotation.ServletInvocableHandlerMethod.invokeAndHandle(ServletInvocableHandlerMethod.java:118) ~[spring-webmvc-6.0.10.jar:6.0.10]
	at org.springframework.web.servlet.mvc.method.annotation.RequestMappingHandlerAdapter.invokeHandlerMethod(RequestMappingHandlerAdapter.java:884) ~[spring-webmvc-6.0.10.jar:6.0.10]
	at org.springframework.web.servlet.mvc.method.annotation.RequestMappingHandlerAdapter.handleInternal(RequestMappingHandlerAdapter.java:797) ~[spring-webmvc-6.0.10.jar:6.0.10]
	at org.springframework.web.servlet.mvc.method.AbstractHandlerMethodAdapter.handle(AbstractHandlerMethodAdapter.java:87) ~[spring-webmvc-6.0.10.jar:6.0.10]
	at org.springframework.web.servlet.DispatcherServlet.doDispatch(DispatcherServlet.java:1081) ~[spring-webmvc-6.0.10.jar:6.0.10]
	at org.springframework.web.servlet.DispatcherServlet.doService(DispatcherServlet.java:974) ~[spring-webmvc-6.0.10.jar:6.0.10]
	at org.springframework.web.servlet.FrameworkServlet.processRequest(FrameworkServlet.java:1011) ~[spring-webmvc-6.0.10.jar:6.0.10]
	at org.springframework.web.servlet.FrameworkServlet.doGet(FrameworkServlet.java:903) ~[spring-webmvc-6.0.10.jar:6.0.10]
	at jakarta.servlet.http.HttpServlet.service(HttpServlet.java:564) ~[tomcat-embed-core-10.1.10.jar:6.0]
	at org.springframework.web.servlet.FrameworkServlet.service(FrameworkServlet.java:885) ~[spring-webmvc-6.0.10.jar:6.0.10]
	at jakarta.servlet.http.HttpServlet.service(HttpServlet.java:658) ~[tomcat-embed-core-10.1.10.jar:6.0]
	at org.apache.catalina.core.ApplicationFilterChain.internalDoFilter(ApplicationFilterChain.java:205) ~[tomcat-embed-core-10.1.10.jar:10.1.10]
	at org.apache.catalina.core.ApplicationFilterChain.doFilter(ApplicationFilterChain.java:149) ~[tomcat-embed-core-10.1.10.jar:10.1.10]
	at org.apache.tomcat.websocket.server.WsFilter.doFilter(WsFilter.java:51) ~[tomcat-embed-websocket-10.1.10.jar:10.1.10]
	at org.apache.catalina.core.ApplicationFilterChain.internalDoFilter(ApplicationFilterChain.java:174) ~[tomcat-embed-core-10.1.10.jar:10.1.10]
	at org.apache.catalina.core.ApplicationFilterChain.doFilter(ApplicationFilterChain.java:149) ~[tomcat-embed-core-10.1.10.jar:10.1.10]
	at org.springframework.web.filter.RequestContextFilter.doFilterInternal(RequestContextFilter.java:100) ~[spring-web-6.0.10.jar:6.0.10]
	at org.springframework.web.filter.OncePerRequestFilter.doFilter(OncePerRequestFilter.java:116) ~[spring-web-6.0.10.jar:6.0.10]
	at org.apache.catalina.core.ApplicationFilterChain.internalDoFilter(ApplicationFilterChain.java:174) ~[tomcat-embed-core-10.1.10.jar:10.1.10]
	at org.apache.catalina.core.ApplicationFilterChain.doFilter(ApplicationFilterChain.java:149) ~[tomcat-embed-core-10.1.10.jar:10.1.10]
	at org.springframework.web.filter.FormContentFilter.doFilterInternal(FormContentFilter.java:93) ~[spring-web-6.0.10.jar:6.0.10]
	at org.springframework.web.filter.OncePerRequestFilter.doFilter(OncePerRequestFilter.java:116) ~[spring-web-6.0.10.jar:6.0.10]
	at org.apache.catalina.core.ApplicationFilterChain.internalDoFilter(ApplicationFilterChain.java:174) ~[tomcat-embed-core-10.1.10.jar:10.1.10]
	at org.apache.catalina.core.ApplicationFilterChain.doFilter(ApplicationFilterChain.java:149) ~[tomcat-embed-core-10.1.10.jar:10.1.10]
	at org.springframework.web.filter.CharacterEncodingFilter.doFilterInternal(CharacterEncodingFilter.java:201) ~[spring-web-6.0.10.jar:6.0.10]
	at org.springframework.web.filter.OncePerRequestFilter.doFilter(OncePerRequestFilter.java:116) ~[spring-web-6.0.10.jar:6.0.10]
	at org.apache.catalina.core.ApplicationFilterChain.internalDoFilter(ApplicationFilterChain.java:174) ~[tomcat-embed-core-10.1.10.jar:10.1.10]
	at org.apache.catalina.core.ApplicationFilterChain.doFilter(ApplicationFilterChain.java:149) ~[tomcat-embed-core-10.1.10.jar:10.1.10]
	at org.apache.catalina.core.StandardWrapperValve.invoke(StandardWrapperValve.java:166) ~[tomcat-embed-core-10.1.10.jar:10.1.10]
	at org.apache.catalina.core.StandardContextValve.invoke(StandardContextValve.java:90) ~[tomcat-embed-core-10.1.10.jar:10.1.10]
	at org.apache.catalina.authenticator.AuthenticatorBase.invoke(AuthenticatorBase.java:482) ~[tomcat-embed-core-10.1.10.jar:10.1.10]
	at org.apache.catalina.core.StandardHostValve.invoke(StandardHostValve.java:115) ~[tomcat-embed-core-10.1.10.jar:10.1.10]
	at org.apache.catalina.valves.ErrorReportValve.invoke(ErrorReportValve.java:93) ~[tomcat-embed-core-10.1.10.jar:10.1.10]
	at org.apache.catalina.core.StandardEngineValve.invoke(StandardEngineValve.java:74) ~[tomcat-embed-core-10.1.10.jar:10.1.10]
	at org.apache.catalina.connector.CoyoteAdapter.service(CoyoteAdapter.java:341) ~[tomcat-embed-core-10.1.10.jar:10.1.10]
	at org.apache.coyote.http11.Http11Processor.service(Http11Processor.java:391) ~[tomcat-embed-core-10.1.10.jar:10.1.10]
	at org.apache.coyote.AbstractProcessorLight.process(AbstractProcessorLight.java:63) ~[tomcat-embed-core-10.1.10.jar:10.1.10]
	at org.apache.coyote.AbstractProtocol$ConnectionHandler.process(AbstractProtocol.java:894) ~[tomcat-embed-core-10.1.10.jar:10.1.10]
	at org.apache.tomcat.util.net.NioEndpoint$SocketProcessor.doRun(NioEndpoint.java:1741) ~[tomcat-embed-core-10.1.10.jar:10.1.10]
	at org.apache.tomcat.util.net.SocketProcessorBase.run(SocketProcessorBase.java:52) ~[tomcat-embed-core-10.1.10.jar:10.1.10]
	at org.apache.tomcat.util.threads.ThreadPoolExecutor.runWorker(ThreadPoolExecutor.java:1191) ~[tomcat-embed-core-10.1.10.jar:10.1.10]
	at org.apache.tomcat.util.threads.ThreadPoolExecutor$Worker.run(ThreadPoolExecutor.java:659) ~[tomcat-embed-core-10.1.10.jar:10.1.10]
	at org.apache.tomcat.util.threads.TaskThread$WrappingRunnable.run(TaskThread.java:61) ~[tomcat-embed-core-10.1.10.jar:10.1.10]
	at java.base/java.lang.Thread.run(Thread.java:833) ~[na:na]

2023-07-17T16:11:01.921+02:00  INFO 11184 --- [SpringApplicationShutdownHook] j.LocalContainerEntityManagerFactoryBean : Closing JPA EntityManagerFactory for persistence unit 'default'
2023-07-17T16:11:01.926+02:00  INFO 11184 --- [SpringApplicationShutdownHook] com.zaxxer.hikari.HikariDataSource       : HikariPool-1 - Shutdown initiated...
2023-07-17T16:11:01.940+02:00  INFO 11184 --- [SpringApplicationShutdownHook] com.zaxxer.hikari.HikariDataSource       : HikariPool-1 - Shutdown completed.
2023-07-17T16:11:13.740+02:00  INFO 16020 --- [main] c.example.kurs.KursJavaRestApplication   : Starting KursJavaRestApplication using Java 17.0.7 with PID 16020 (C:\Users\wojte\Documents\Git\Java\kursJavaSpring\kursKontroleryRest\target\classes started by wojte in C:\Users\wojte\Documents\Git\Java\kursJavaSpring\kursKontroleryRest)
2023-07-17T16:11:13.753+02:00  INFO 16020 --- [main] c.example.kurs.KursJavaRestApplication   : No active profile set, falling back to 1 default profile: "default"
2023-07-17T16:11:15.119+02:00  INFO 16020 --- [main] .s.d.r.c.RepositoryConfigurationDelegate : Bootstrapping Spring Data JPA repositories in DEFAULT mode.
2023-07-17T16:11:15.263+02:00  INFO 16020 --- [main] .s.d.r.c.RepositoryConfigurationDelegate : Finished Spring Data repository scanning in 121 ms. Found 1 JPA repository interfaces.
2023-07-17T16:11:16.561+02:00  INFO 16020 --- [main] o.s.b.w.embedded.tomcat.TomcatWebServer  : Tomcat initialized with port(s): 8080 (http)
2023-07-17T16:11:16.578+02:00  INFO 16020 --- [main] o.apache.catalina.core.StandardService   : Starting service [Tomcat]
2023-07-17T16:11:16.578+02:00  INFO 16020 --- [main] o.apache.catalina.core.StandardEngine    : Starting Servlet engine: [Apache Tomcat/10.1.10]
2023-07-17T16:11:16.784+02:00  INFO 16020 --- [main] o.a.c.c.C.[Tomcat].[localhost].[/]       : Initializing Spring embedded WebApplicationContext
2023-07-17T16:11:16.785+02:00  INFO 16020 --- [main] w.s.c.ServletWebServerApplicationContext : Root WebApplicationContext: initialization completed in 2911 ms
2023-07-17T16:11:17.091+02:00  INFO 16020 --- [main] com.zaxxer.hikari.HikariDataSource       : HikariPool-1 - Starting...
2023-07-17T16:11:17.459+02:00  INFO 16020 --- [main] com.zaxxer.hikari.pool.HikariPool        : HikariPool-1 - Added connection org.postgresql.jdbc.PgConnection@59939293
2023-07-17T16:11:17.464+02:00  INFO 16020 --- [main] com.zaxxer.hikari.HikariDataSource       : HikariPool-1 - Start completed.
2023-07-17T16:11:17.556+02:00  INFO 16020 --- [main] o.hibernate.jpa.internal.util.LogHelper  : HHH000204: Processing PersistenceUnitInfo [name: default]
2023-07-17T16:11:17.733+02:00  INFO 16020 --- [main] org.hibernate.Version                    : HHH000412: Hibernate ORM core version 6.2.5.Final
2023-07-17T16:11:17.736+02:00  INFO 16020 --- [main] org.hibernate.cfg.Environment            : HHH000406: Using bytecode reflection optimizer
2023-07-17T16:11:18.101+02:00  INFO 16020 --- [main] o.h.b.i.BytecodeProviderInitiator        : HHH000021: Bytecode provider name : bytebuddy
2023-07-17T16:11:18.380+02:00  INFO 16020 --- [main] o.s.o.j.p.SpringPersistenceUnitInfo      : No LoadTimeWeaver setup: ignoring JPA class transformer
2023-07-17T16:11:18.986+02:00  INFO 16020 --- [main] o.h.b.i.BytecodeProviderInitiator        : HHH000021: Bytecode provider name : bytebuddy
2023-07-17T16:11:20.340+02:00  INFO 16020 --- [main] o.h.e.t.j.p.i.JtaPlatformInitiator       : HHH000490: Using JtaPlatform implementation: [org.hibernate.engine.transaction.jta.platform.internal.NoJtaPlatform]
2023-07-17T16:11:20.346+02:00  INFO 16020 --- [main] j.LocalContainerEntityManagerFactoryBean : Initialized JPA EntityManagerFactory for persistence unit 'default'
2023-07-17T16:11:21.023+02:00  INFO 16020 --- [main] o.s.d.j.r.query.QueryEnhancerFactory     : Hibernate is in classpath; If applicable, HQL parser will be used.
2023-07-17T16:11:21.231+02:00  WARN 16020 --- [main] JpaBaseConfiguration$JpaWebConfiguration : spring.jpa.open-in-view is enabled by default. Therefore, database queries may be performed during view rendering. Explicitly configure spring.jpa.open-in-view to disable this warning
2023-07-17T16:11:21.870+02:00  INFO 16020 --- [main] o.s.b.w.embedded.tomcat.TomcatWebServer  : Tomcat started on port(s): 8080 (http) with context path ''
2023-07-17T16:11:21.888+02:00  INFO 16020 --- [main] c.example.kurs.KursJavaRestApplication   : Started KursJavaRestApplication in 8.951 seconds (process running for 9.789)
2023-07-17T16:11:27.366+02:00  INFO 16020 --- [http-nio-8080-exec-1] o.a.c.c.C.[Tomcat].[localhost].[/]       : Initializing Spring DispatcherServlet 'dispatcherServlet'
2023-07-17T16:11:27.367+02:00  INFO 16020 --- [http-nio-8080-exec-1] o.s.web.servlet.DispatcherServlet        : Initializing Servlet 'dispatcherServlet'
2023-07-17T16:11:27.370+02:00  INFO 16020 --- [http-nio-8080-exec-1] o.s.web.servlet.DispatcherServlet        : Completed initialization in 2 ms
2023-07-17T16:11:52.592+02:00  INFO 16020 --- [SpringApplicationShutdownHook] j.LocalContainerEntityManagerFactoryBean : Closing JPA EntityManagerFactory for persistence unit 'default'
2023-07-17T16:11:52.599+02:00  INFO 16020 --- [SpringApplicationShutdownHook] com.zaxxer.hikari.HikariDataSource       : HikariPool-1 - Shutdown initiated...
2023-07-17T16:11:52.624+02:00  INFO 16020 --- [SpringApplicationShutdownHook] com.zaxxer.hikari.HikariDataSource       : HikariPool-1 - Shutdown completed.
2023-07-17T16:18:39.600+02:00  INFO 3484 --- [main] c.example.kurs.KursJavaRestApplication   : Starting KursJavaRestApplication using Java 17.0.7 with PID 3484 (C:\Users\wojte\Documents\Git\Java\kursJavaSpring\kursKontroleryRest\target\classes started by wojte in C:\Users\wojte\Documents\Git\Java\kursJavaSpring\kursKontroleryRest)
2023-07-17T16:18:39.604+02:00  INFO 3484 --- [main] c.example.kurs.KursJavaRestApplication   : No active profile set, falling back to 1 default profile: "default"
2023-07-17T16:18:41.007+02:00  INFO 3484 --- [main] .s.d.r.c.RepositoryConfigurationDelegate : Bootstrapping Spring Data JPA repositories in DEFAULT mode.
2023-07-17T16:18:41.165+02:00  INFO 3484 --- [main] .s.d.r.c.RepositoryConfigurationDelegate : Finished Spring Data repository scanning in 135 ms. Found 1 JPA repository interfaces.
2023-07-17T16:18:42.692+02:00  INFO 3484 --- [main] o.s.b.w.embedded.tomcat.TomcatWebServer  : Tomcat initialized with port(s): 8080 (http)
2023-07-17T16:18:42.710+02:00  INFO 3484 --- [main] o.apache.catalina.core.StandardService   : Starting service [Tomcat]
2023-07-17T16:18:42.710+02:00  INFO 3484 --- [main] o.apache.catalina.core.StandardEngine    : Starting Servlet engine: [Apache Tomcat/10.1.10]
2023-07-17T16:18:42.907+02:00  INFO 3484 --- [main] o.a.c.c.C.[Tomcat].[localhost].[/]       : Initializing Spring embedded WebApplicationContext
2023-07-17T16:18:42.907+02:00  INFO 3484 --- [main] w.s.c.ServletWebServerApplicationContext : Root WebApplicationContext: initialization completed in 3184 ms
2023-07-17T16:18:43.181+02:00  INFO 3484 --- [main] com.zaxxer.hikari.HikariDataSource       : HikariPool-1 - Starting...
2023-07-17T16:18:43.566+02:00  INFO 3484 --- [main] com.zaxxer.hikari.pool.HikariPool        : HikariPool-1 - Added connection org.postgresql.jdbc.PgConnection@388d14e
2023-07-17T16:18:43.570+02:00  INFO 3484 --- [main] com.zaxxer.hikari.HikariDataSource       : HikariPool-1 - Start completed.
2023-07-17T16:18:43.676+02:00  INFO 3484 --- [main] o.hibernate.jpa.internal.util.LogHelper  : HHH000204: Processing PersistenceUnitInfo [name: default]
2023-07-17T16:18:43.894+02:00  INFO 3484 --- [main] org.hibernate.Version                    : HHH000412: Hibernate ORM core version 6.2.5.Final
2023-07-17T16:18:43.899+02:00  INFO 3484 --- [main] org.hibernate.cfg.Environment            : HHH000406: Using bytecode reflection optimizer
2023-07-17T16:18:44.350+02:00  INFO 3484 --- [main] o.h.b.i.BytecodeProviderInitiator        : HHH000021: Bytecode provider name : bytebuddy
2023-07-17T16:18:44.626+02:00  INFO 3484 --- [main] o.s.o.j.p.SpringPersistenceUnitInfo      : No LoadTimeWeaver setup: ignoring JPA class transformer
2023-07-17T16:18:45.171+02:00  INFO 3484 --- [main] o.h.b.i.BytecodeProviderInitiator        : HHH000021: Bytecode provider name : bytebuddy
2023-07-17T16:18:46.192+02:00  INFO 3484 --- [main] o.h.e.t.j.p.i.JtaPlatformInitiator       : HHH000490: Using JtaPlatform implementation: [org.hibernate.engine.transaction.jta.platform.internal.NoJtaPlatform]
2023-07-17T16:18:46.197+02:00  INFO 3484 --- [main] j.LocalContainerEntityManagerFactoryBean : Initialized JPA EntityManagerFactory for persistence unit 'default'
2023-07-17T16:18:46.755+02:00  INFO 3484 --- [main] o.s.d.j.r.query.QueryEnhancerFactory     : Hibernate is in classpath; If applicable, HQL parser will be used.
2023-07-17T16:18:46.916+02:00  WARN 3484 --- [main] JpaBaseConfiguration$JpaWebConfiguration : spring.jpa.open-in-view is enabled by default. Therefore, database queries may be performed during view rendering. Explicitly configure spring.jpa.open-in-view to disable this warning
2023-07-17T16:18:47.530+02:00  INFO 3484 --- [main] o.s.b.w.embedded.tomcat.TomcatWebServer  : Tomcat started on port(s): 8080 (http) with context path ''
2023-07-17T16:18:47.546+02:00  INFO 3484 --- [main] c.example.kurs.KursJavaRestApplication   : Started KursJavaRestApplication in 9.001 seconds (process running for 9.776)
2023-07-17T16:18:50.835+02:00  INFO 3484 --- [http-nio-8080-exec-3] o.a.c.c.C.[Tomcat].[localhost].[/]       : Initializing Spring DispatcherServlet 'dispatcherServlet'
2023-07-17T16:18:50.836+02:00  INFO 3484 --- [http-nio-8080-exec-3] o.s.web.servlet.DispatcherServlet        : Initializing Servlet 'dispatcherServlet'
2023-07-17T16:18:50.837+02:00  INFO 3484 --- [http-nio-8080-exec-3] o.s.web.servlet.DispatcherServlet        : Completed initialization in 1 ms
2023-07-17T16:21:41.514+02:00  INFO 3484 --- [SpringApplicationShutdownHook] j.LocalContainerEntityManagerFactoryBean : Closing JPA EntityManagerFactory for persistence unit 'default'
2023-07-17T16:21:41.519+02:00  INFO 3484 --- [SpringApplicationShutdownHook] com.zaxxer.hikari.HikariDataSource       : HikariPool-1 - Shutdown initiated...
2023-07-17T16:21:41.568+02:00  INFO 3484 --- [SpringApplicationShutdownHook] com.zaxxer.hikari.HikariDataSource       : HikariPool-1 - Shutdown completed.
2023-07-17T16:22:19.358+02:00  INFO 15240 --- [main] c.example.kurs.KursJavaRestApplication   : Starting KursJavaRestApplication using Java 17.0.7 with PID 15240 (C:\Users\wojte\Documents\Git\Java\kursJavaSpring\kursKontroleryRest\target\classes started by wojte in C:\Users\wojte\Documents\Git\Java\kursJavaSpring\kursKontroleryRest)
2023-07-17T16:22:19.364+02:00  INFO 15240 --- [main] c.example.kurs.KursJavaRestApplication   : No active profile set, falling back to 1 default profile: "default"
2023-07-17T16:22:21.025+02:00  INFO 15240 --- [main] .s.d.r.c.RepositoryConfigurationDelegate : Bootstrapping Spring Data JPA repositories in DEFAULT mode.
2023-07-17T16:22:21.161+02:00  INFO 15240 --- [main] .s.d.r.c.RepositoryConfigurationDelegate : Finished Spring Data repository scanning in 112 ms. Found 1 JPA repository interfaces.
2023-07-17T16:22:22.526+02:00  INFO 15240 --- [main] o.s.b.w.embedded.tomcat.TomcatWebServer  : Tomcat initialized with port(s): 8080 (http)
2023-07-17T16:22:22.543+02:00  INFO 15240 --- [main] o.apache.catalina.core.StandardService   : Starting service [Tomcat]
2023-07-17T16:22:22.543+02:00  INFO 15240 --- [main] o.apache.catalina.core.StandardEngine    : Starting Servlet engine: [Apache Tomcat/10.1.10]
2023-07-17T16:22:22.828+02:00  INFO 15240 --- [main] o.a.c.c.C.[Tomcat].[localhost].[/]       : Initializing Spring embedded WebApplicationContext
2023-07-17T16:22:22.829+02:00  INFO 15240 --- [main] w.s.c.ServletWebServerApplicationContext : Root WebApplicationContext: initialization completed in 3354 ms
2023-07-17T16:22:23.221+02:00  INFO 15240 --- [main] com.zaxxer.hikari.HikariDataSource       : HikariPool-1 - Starting...
2023-07-17T16:22:23.689+02:00  INFO 15240 --- [main] com.zaxxer.hikari.pool.HikariPool        : HikariPool-1 - Added connection org.postgresql.jdbc.PgConnection@1cd43562
2023-07-17T16:22:23.693+02:00  INFO 15240 --- [main] com.zaxxer.hikari.HikariDataSource       : HikariPool-1 - Start completed.
2023-07-17T16:22:23.795+02:00  INFO 15240 --- [main] o.hibernate.jpa.internal.util.LogHelper  : HHH000204: Processing PersistenceUnitInfo [name: default]
2023-07-17T16:22:24.039+02:00  INFO 15240 --- [main] org.hibernate.Version                    : HHH000412: Hibernate ORM core version 6.2.5.Final
2023-07-17T16:22:24.043+02:00  INFO 15240 --- [main] org.hibernate.cfg.Environment            : HHH000406: Using bytecode reflection optimizer
2023-07-17T16:22:24.428+02:00  INFO 15240 --- [main] o.h.b.i.BytecodeProviderInitiator        : HHH000021: Bytecode provider name : bytebuddy
2023-07-17T16:22:24.729+02:00  INFO 15240 --- [main] o.s.o.j.p.SpringPersistenceUnitInfo      : No LoadTimeWeaver setup: ignoring JPA class transformer
2023-07-17T16:22:25.392+02:00  INFO 15240 --- [main] o.h.b.i.BytecodeProviderInitiator        : HHH000021: Bytecode provider name : bytebuddy
2023-07-17T16:22:26.529+02:00  INFO 15240 --- [main] o.h.e.t.j.p.i.JtaPlatformInitiator       : HHH000490: Using JtaPlatform implementation: [org.hibernate.engine.transaction.jta.platform.internal.NoJtaPlatform]
2023-07-17T16:22:26.533+02:00  INFO 15240 --- [main] j.LocalContainerEntityManagerFactoryBean : Initialized JPA EntityManagerFactory for persistence unit 'default'
2023-07-17T16:22:27.233+02:00  INFO 15240 --- [main] o.s.d.j.r.query.QueryEnhancerFactory     : Hibernate is in classpath; If applicable, HQL parser will be used.
2023-07-17T16:22:27.441+02:00  WARN 15240 --- [main] JpaBaseConfiguration$JpaWebConfiguration : spring.jpa.open-in-view is enabled by default. Therefore, database queries may be performed during view rendering. Explicitly configure spring.jpa.open-in-view to disable this warning
2023-07-17T16:22:28.204+02:00  INFO 15240 --- [main] o.s.b.w.embedded.tomcat.TomcatWebServer  : Tomcat started on port(s): 8080 (http) with context path ''
2023-07-17T16:22:28.222+02:00  INFO 15240 --- [main] c.example.kurs.KursJavaRestApplication   : Started KursJavaRestApplication in 9.702 seconds (process running for 10.747)
2023-07-17T16:22:34.615+02:00  INFO 15240 --- [http-nio-8080-exec-2] o.a.c.c.C.[Tomcat].[localhost].[/]       : Initializing Spring DispatcherServlet 'dispatcherServlet'
2023-07-17T16:22:34.616+02:00  INFO 15240 --- [http-nio-8080-exec-2] o.s.web.servlet.DispatcherServlet        : Initializing Servlet 'dispatcherServlet'
2023-07-17T16:22:34.618+02:00  INFO 15240 --- [http-nio-8080-exec-2] o.s.web.servlet.DispatcherServlet        : Completed initialization in 1 ms
2023-07-17T16:23:26.695+02:00  INFO 15240 --- [SpringApplicationShutdownHook] j.LocalContainerEntityManagerFactoryBean : Closing JPA EntityManagerFactory for persistence unit 'default'
2023-07-17T16:23:26.700+02:00  INFO 15240 --- [SpringApplicationShutdownHook] com.zaxxer.hikari.HikariDataSource       : HikariPool-1 - Shutdown initiated...
2023-07-17T16:23:26.713+02:00  INFO 15240 --- [SpringApplicationShutdownHook] com.zaxxer.hikari.HikariDataSource       : HikariPool-1 - Shutdown completed.
